{"numTotalTestSuites":9,"numPassedTestSuites":9,"numFailedTestSuites":0,"numPendingTestSuites":0,"numTotalTests":87,"numPassedTests":87,"numFailedTests":0,"numPendingTests":0,"numTodoTests":0,"snapshot":{"added":0,"failure":false,"filesAdded":0,"filesRemoved":0,"filesRemovedList":[],"filesUnmatched":0,"filesUpdated":0,"matched":0,"total":0,"unchecked":0,"uncheckedKeysByFile":[],"unmatched":0,"updated":0,"didUpdate":false},"startTime":1782127746023,"success":true,"testResults":[{"assertionResults":[{"ancestorTitles":["component damage model"],"fullName":"component damage model immobilizes a tank when a tread is destroyed","status":"passed","title":"immobilizes a tank when a tread is destroyed","duration":1.8396999999999935,"failureMessages":[],"meta":{}},{"ancestorTitles":["component damage model"],"fullName":"component damage model disarms a soldier when the rifle is destroyed without killing them","status":"passed","title":"disarms a soldier when the rifle is destroyed without killing them","duration":0.4334999999999809,"failureMessages":[],"meta":{}},{"ancestorTitles":["component damage model"],"fullName":"component damage model kills a soldier instantly when the head is destroyed","status":"passed","title":"kills a soldier instantly when the head is destroyed","duration":0.27750000000003183,"failureMessages":[],"meta":{}},{"ancestorTitles":["component damage model"],"fullName":"component damage model stops a soldier from moving when their legs are destroyed","status":"passed","title":"stops a soldier from moving when their legs are destroyed","duration":0.19819999999998572,"failureMessages":[],"meta":{}},{"ancestorTitles":["component damage model"],"fullName":"component damage model keeps an economy base unarmed and lets it lose its comms while the core survives","status":"passed","title":"keeps an economy base unarmed and lets it lose its comms while the core survives","duration":0.39879999999999427,"failureMessages":[],"meta":{}},{"ancestorTitles":["component damage model"],"fullName":"component damage model starts a base with economy state and stops it producing once destroyed","status":"passed","title":"starts a base with economy state and stops it producing once destroyed","duration":0.9239000000000033,"failureMessages":[],"meta":{}},{"ancestorTitles":["component damage model"],"fullName":"component damage model jams tank fire when the turret ring is destroyed","status":"passed","title":"jams tank fire when the turret ring is destroyed","duration":0.8285999999999945,"failureMessages":[],"meta":{}},{"ancestorTitles":["component damage model"],"fullName":"component damage model limits command points when utility packs are destroyed","status":"passed","title":"limits command points when utility packs are destroyed","duration":0.27719999999999345,"failureMessages":[],"meta":{}},{"ancestorTitles":["component damage model"],"fullName":"component damage model makes core shots hit harder after armor is stripped","status":"passed","title":"makes core shots hit harder after armor is stripped","duration":0.3715000000000259,"failureMessages":[],"meta":{}},{"ancestorTitles":["component damage model"],"fullName":"component damage model aims at gameplay-specific parts before center mass","status":"passed","title":"aims at gameplay-specific parts before center mass","duration":0.3090000000000259,"failureMessages":[],"meta":{}},{"ancestorTitles":["component damage model"],"fullName":"component damage model creates sniper, grenadier, and striker infantry variants with role-specific systems","status":"passed","title":"creates sniper, grenadier, and striker infantry variants with role-specific systems","duration":0.5624000000000251,"failureMessages":[],"meta":{}}],"startTime":1782127746501,"endTime":1782127746507.5625,"status":"passed","message":"","name":"E:/Storage/SAAS/Rogue-Heroes/game/src/game/damageModel.test.ts"},{"assertionResults":[{"ancestorTitles":["loop goals"],"fullName":"loop goals G3: starts in command phase, turn 1, with no units fielded","status":"passed","title":"G3: starts in command phase, turn 1, with no units fielded","duration":4.451099999999997,"failureMessages":[],"meta":{}},{"ancestorTitles":["loop goals"],"fullName":"loop goals G5: deploying a Recruit adds a field unit and spends money + the base CP","status":"passed","title":"G5: deploying a Recruit adds a field unit and spends money + the base CP","duration":2.056600000000003,"failureMessages":[],"meta":{}},{"ancestorTitles":["loop goals"],"fullName":"loop goals G6: researching a doctrine unlocks it on the base","status":"passed","title":"G6: researching a doctrine unlocks it on the base","duration":1.8041000000000622,"failureMessages":[],"meta":{}},{"ancestorTitles":["loop goals"],"fullName":"loop goals G7: a resolved rifle shot reduces an enemy part's health","status":"passed","title":"G7: a resolved rifle shot reduces an enemy part's health","duration":4.491399999999999,"failureMessages":[],"meta":{}},{"ancestorTitles":["loop goals"],"fullName":"loop goals G8: landing the killing blow on the last enemy reaches a victory end-state","status":"passed","title":"G8: landing the killing blow on the last enemy reaches a victory end-state","duration":0.7521000000000413,"failureMessages":[],"meta":{}},{"ancestorTitles":["loop goals"],"fullName":"loop goals G9: Move intent exposes a positive movement-range radius","status":"passed","title":"G9: Move intent exposes a positive movement-range radius","duration":0.3888000000000602,"failureMessages":[],"meta":{}},{"ancestorTitles":["loop goals"],"fullName":"loop goals G10: grenade ground-aim previews a reachable blast radius","status":"passed","title":"G10: grenade ground-aim previews a reachable blast radius","duration":0.5061999999999216,"failureMessages":[],"meta":{}},{"ancestorTitles":["loop goals"],"fullName":"loop goals G11: build placement exposes a range ring near the base","status":"passed","title":"G11: build placement exposes a range ring near the base","duration":0.6014000000000124,"failureMessages":[],"meta":{}},{"ancestorTitles":["loop goals"],"fullName":"loop goals G13: a destroyed part stays listed on the entity at 0 HP","status":"passed","title":"G13: a destroyed part stays listed on the entity at 0 HP","duration":0.3206000000000131,"failureMessages":[],"meta":{}}],"startTime":1782127746709,"endTime":1782127746724.6013,"status":"passed","message":"","name":"E:/Storage/SAAS/Rogue-Heroes/game/src/game/loop-goals.test.ts"},{"assertionResults":[{"ancestorTitles":["tactical simulation loop"],"fullName":"tactical simulation loop resolves queued target fire back into a new command phase","status":"passed","title":"resolves queued target fire back into a new command phase","duration":7.9261000000000195,"failureMessages":[],"meta":{}},{"ancestorTitles":["tactical simulation loop"],"fullName":"tactical simulation loop does not let tank rams target friendly units","status":"passed","title":"does not let tank rams target friendly units","duration":0.5196000000000822,"failureMessages":[],"meta":{}},{"ancestorTitles":["tactical simulation loop"],"fullName":"tactical simulation loop lets a unit spend multiple CP on queued orders and undo individual choices","status":"passed","title":"lets a unit spend multiple CP on queued orders and undo individual choices","duration":1.1322999999999865,"failureMessages":[],"meta":{}},{"ancestorTitles":["tactical simulation loop"],"fullName":"tactical simulation loop previews a queued follow-up shot from the unit's moved position","status":"passed","title":"previews a queued follow-up shot from the unit's moved position","duration":0.6992999999999938,"failureMessages":[],"meta":{}},{"ancestorTitles":["tactical simulation loop"],"fullName":"tactical simulation loop executes move then shoot from the moved position","status":"passed","title":"executes move then shoot from the moved position","duration":0.539600000000064,"failureMessages":[],"meta":{}},{"ancestorTitles":["tactical simulation loop"],"fullName":"tactical simulation loop can finish a one-fight victory from normal queued combat","status":"passed","title":"can finish a one-fight victory from normal queued combat","duration":1.1175999999999249,"failureMessages":[],"meta":{}},{"ancestorTitles":["tactical simulation loop"],"fullName":"tactical simulation loop only exposes intact parts that exist on the selected target type","status":"passed","title":"only exposes intact parts that exist on the selected target type","duration":0.4314000000000533,"failureMessages":[],"meta":{}},{"ancestorTitles":["tactical simulation loop"],"fullName":"tactical simulation loop previews and resolves shots into blocking cover before the intended enemy part","status":"passed","title":"previews and resolves shots into blocking cover before the intended enemy part","duration":1.2951000000000477,"failureMessages":[],"meta":{}},{"ancestorTitles":["tactical simulation loop"],"fullName":"tactical simulation loop uses the selected part to change projectile trajectory through cover","status":"passed","title":"uses the selected part to change projectile trajectory through cover","duration":0.4296000000000504,"failureMessages":[],"meta":{}},{"ancestorTitles":["tactical simulation loop"],"fullName":"tactical simulation loop makes soldier head shots a weak-point damage choice","status":"passed","title":"makes soldier head shots a weak-point damage choice","duration":0.3105999999999085,"failureMessages":[],"meta":{}},{"ancestorTitles":["tactical simulation loop"],"fullName":"tactical simulation loop lets soldiers duck under incoming head shots but not body shots","status":"passed","title":"lets soldiers duck under incoming head shots but not body shots","duration":1.8616000000000668,"failureMessages":[],"meta":{}},{"ancestorTitles":["tactical simulation loop"],"fullName":"tactical simulation loop launches a visible projectile before applying shot damage","status":"passed","title":"launches a visible projectile before applying shot damage","duration":0.6281000000000176,"failureMessages":[],"meta":{}},{"ancestorTitles":["tactical simulation loop"],"fullName":"tactical simulation loop keeps great-accuracy shots on the exact aimed trajectory","status":"passed","title":"keeps great-accuracy shots on the exact aimed trajectory","duration":0.5711000000000013,"failureMessages":[],"meta":{}},{"ancestorTitles":["tactical simulation loop"],"fullName":"tactical simulation loop makes movement hurt accuracy while crouch improves it and prone is unavailable","status":"passed","title":"makes movement hurt accuracy while crouch improves it and prone is unavailable","duration":0.4517000000000735,"failureMessages":[],"meta":{}},{"ancestorTitles":["tactical simulation loop"],"fullName":"tactical simulation loop does not let non-infantry stance data improve tank accuracy","status":"passed","title":"does not let non-infantry stance data improve tank accuracy","duration":0.27800000000002,"failureMessages":[],"meta":{}},{"ancestorTitles":["tactical simulation loop"],"fullName":"tactical simulation loop lets sway turn a small-part shot into a different part hit on the same target","status":"passed","title":"lets sway turn a small-part shot into a different part hit on the same target","duration":2.8207000000001017,"failureMessages":[],"meta":{}},{"ancestorTitles":["tactical simulation loop"],"fullName":"tactical simulation loop makes the same inaccurate attack much more reliable at close range","status":"passed","title":"makes the same inaccurate attack much more reliable at close range","duration":0.5424000000000433,"failureMessages":[],"meta":{}},{"ancestorTitles":["tactical simulation loop"],"fullName":"tactical simulation loop lets a highly inaccurate burst stray into a different unit on the line","status":"passed","title":"lets a highly inaccurate burst stray into a different unit on the line","duration":6.13029999999992,"failureMessages":[],"meta":{}},{"ancestorTitles":["tactical simulation loop"],"fullName":"tactical simulation loop lets a moving target drag a tracked shot into cover during resolve","status":"passed","title":"lets a moving target drag a tracked shot into cover during resolve","duration":0.7790999999999713,"failureMessages":[],"meta":{}},{"ancestorTitles":["tactical simulation loop"],"fullName":"tactical simulation loop limits move distance and treats move-clicking cover as taking cover","status":"passed","title":"limits move distance and treats move-clicking cover as taking cover","duration":0.5898999999999432,"failureMessages":[],"meta":{}},{"ancestorTitles":["tactical simulation loop"],"fullName":"tactical simulation loop limits tank ram reach while allowing nearby tanks to crush cover","status":"passed","title":"limits tank ram reach while allowing nearby tanks to crush cover","duration":0.4895000000000209,"failureMessages":[],"meta":{}},{"ancestorTitles":["tactical simulation loop"],"fullName":"tactical simulation loop reports far ram targets before confirmation","status":"passed","title":"reports far ram targets before confirmation","duration":0.2576999999999998,"failureMessages":[],"meta":{}},{"ancestorTitles":["tactical simulation loop"],"fullName":"tactical simulation loop lets a striker make adjacent melee strikes for high close damage","status":"passed","title":"lets a striker make adjacent melee strikes for high close damage","duration":0.6970000000000027,"failureMessages":[],"meta":{}},{"ancestorTitles":["tactical simulation loop"],"fullName":"tactical simulation loop lets infantry climb low objects but rejects tall walls","status":"passed","title":"lets infantry climb low objects but rejects tall walls","duration":0.6008000000000493,"failureMessages":[],"meta":{}},{"ancestorTitles":["tactical simulation loop"],"fullName":"tactical simulation loop blocks steep cliff movement unless infantry uses a cliff ascent","status":"passed","title":"blocks steep cliff movement unless infantry uses a cliff ascent","duration":0.579300000000103,"failureMessages":[],"meta":{}},{"ancestorTitles":["tactical simulation loop"],"fullName":"tactical simulation loop rejects tanks trying to use cliff ascents","status":"passed","title":"rejects tanks trying to use cliff ascents","duration":0.24969999999996162,"failureMessages":[],"meta":{}},{"ancestorTitles":["tactical simulation loop"],"fullName":"tactical simulation loop queues crouch behind cover and slows the next move","status":"passed","title":"queues crouch behind cover and slows the next move","duration":0.79099999999994,"failureMessages":[],"meta":{}},{"ancestorTitles":["tactical simulation loop"],"fullName":"tactical simulation loop previews melee and ram reach from the queued movement destination","status":"passed","title":"previews melee and ram reach from the queued movement destination","duration":0.3994000000000142,"failureMessages":[],"meta":{}},{"ancestorTitles":["tactical simulation loop"],"fullName":"tactical simulation loop keeps soldiers crouched into the next turn unless they move","status":"passed","title":"keeps soldiers crouched into the next turn unless they move","duration":0.7504000000000133,"failureMessages":[],"meta":{}},{"ancestorTitles":["tactical simulation loop"],"fullName":"tactical simulation loop records turn reports with grouped damage details after resolve","status":"passed","title":"records turn reports with grouped damage details after resolve","duration":0.621599999999944,"failureMessages":[],"meta":{}},{"ancestorTitles":["tactical simulation loop"],"fullName":"tactical simulation loop warns when a friendly unit is in the projectile path","status":"passed","title":"warns when a friendly unit is in the projectile path","duration":0.3206000000000131,"failureMessages":[],"meta":{}},{"ancestorTitles":["tactical simulation loop"],"fullName":"tactical simulation loop lets soldiers spend, cancel, and exhaust a limited grenade supply","status":"passed","title":"lets soldiers spend, cancel, and exhaust a limited grenade supply","duration":0.5827000000000453,"failureMessages":[],"meta":{}},{"ancestorTitles":["tactical simulation loop"],"fullName":"tactical simulation loop launches soldier hand grenades as arcing projectiles","status":"passed","title":"launches soldier hand grenades as arcing projectiles","duration":0.5211000000000467,"failureMessages":[],"meta":{}},{"ancestorTitles":["tactical simulation loop"],"fullName":"tactical simulation loop lets soldiers throw grenades at ground locations for area damage","status":"passed","title":"lets soldiers throw grenades at ground locations for area damage","duration":1.696700000000078,"failureMessages":[],"meta":{}},{"ancestorTitles":["tactical simulation loop"],"fullName":"tactical simulation loop requires strikes to start adjacent and applies them to the selected part","status":"passed","title":"requires strikes to start adjacent and applies them to the selected part","duration":1.2211999999999534,"failureMessages":[],"meta":{}},{"ancestorTitles":["tactical simulation loop"],"fullName":"tactical simulation loop gives grenadiers arced projectiles with splash damage around close impacts","status":"passed","title":"gives grenadiers arced projectiles with splash damage around close impacts","duration":0.8548000000000684,"failureMessages":[],"meta":{}},{"ancestorTitles":["tactical simulation loop"],"fullName":"tactical simulation loop lets a missed grenade hit ground, roll, and still explode","status":"passed","title":"lets a missed grenade hit ground, roll, and still explode","duration":0.8738000000000739,"failureMessages":[],"meta":{}},{"ancestorTitles":["tactical simulation loop"],"fullName":"tactical simulation loop keeps a launched projectile alive if the shooter dies before impact","status":"passed","title":"keeps a launched projectile alive if the shooter dies before impact","duration":0.3509000000000242,"failureMessages":[],"meta":{}},{"ancestorTitles":["tactical simulation loop"],"fullName":"tactical simulation loop lets a ducked-under head shot continue and hit cover behind the target","status":"passed","title":"lets a ducked-under head shot continue and hit cover behind the target","duration":0.8136999999999261,"failureMessages":[],"meta":{}},{"ancestorTitles":["tactical simulation loop"],"fullName":"tactical simulation loop makes tank shells splash nearby parts and crush cover harder than rifle fire","status":"passed","title":"makes tank shells splash nearby parts and crush cover harder than rifle fire","duration":1.3939000000000306,"failureMessages":[],"meta":{}},{"ancestorTitles":["tactical simulation loop"],"fullName":"tactical simulation loop marks low projectile lines as blocked when they would hit high ground first","status":"passed","title":"marks low projectile lines as blocked when they would hit high ground first","duration":0.2194000000000642,"failureMessages":[],"meta":{}},{"ancestorTitles":["tactical simulation loop"],"fullName":"tactical simulation loop boosts nearby allied shot damage while a support relay is intact","status":"passed","title":"boosts nearby allied shot damage while a support relay is intact","duration":0.20119999999997162,"failureMessages":[],"meta":{}},{"ancestorTitles":["tactical simulation loop"],"fullName":"tactical simulation loop records resolve damage without emitting floating damage labels","status":"passed","title":"records resolve damage without emitting floating damage labels","duration":0.38249999999993634,"failureMessages":[],"meta":{}},{"ancestorTitles":["base economy and troop deployment"],"fullName":"base economy and troop deployment pays base income each round, scaled by reactor health","status":"passed","title":"pays base income each round, scaled by reactor health","duration":0.678299999999922,"failureMessages":[],"meta":{}},{"ancestorTitles":["base economy and troop deployment"],"fullName":"base economy and troop deployment deploys a troop instantly, spending CP and money and applying a cooldown","status":"passed","title":"deploys a troop instantly, spending CP and money and applying a cooldown","duration":0.6439000000000306,"failureMessages":[],"meta":{}},{"ancestorTitles":["base economy and troop deployment"],"fullName":"base economy and troop deployment gates troop types behind the tech tree","status":"passed","title":"gates troop types behind the tech tree","duration":0.15599999999994907,"failureMessages":[],"meta":{}},{"ancestorTitles":["base economy and troop deployment"],"fullName":"base economy and troop deployment clears a troop cooldown after enough rounds","status":"passed","title":"clears a troop cooldown after enough rounds","duration":0.21539999999993142,"failureMessages":[],"meta":{}},{"ancestorTitles":["base economy and troop deployment"],"fullName":"base economy and troop deployment enforces the hard field cap","status":"passed","title":"enforces the hard field cap","duration":0.16290000000003602,"failureMessages":[],"meta":{}},{"ancestorTitles":["base economy and troop deployment"],"fullName":"base economy and troop deployment upgrades income to raise the money paid each round","status":"passed","title":"upgrades income to raise the money paid each round","duration":0.23950000000002092,"failureMessages":[],"meta":{}},{"ancestorTitles":["base economy and troop deployment"],"fullName":"base economy and troop deployment researches a tech node to unlock new troop types","status":"passed","title":"researches a tech node to unlock new troop types","duration":0.40999999999996817,"failureMessages":[],"meta":{}},{"ancestorTitles":["base economy and troop deployment"],"fullName":"base economy and troop deployment blocks research without prerequisites and respects the tree","status":"passed","title":"blocks research without prerequisites and respects the tree","duration":0.15800000000001546,"failureMessages":[],"meta":{}},{"ancestorTitles":["base economy and troop deployment"],"fullName":"base economy and troop deployment keeps the home base unarmed","status":"passed","title":"keeps the home base unarmed","duration":0.2117999999999256,"failureMessages":[],"meta":{}},{"ancestorTitles":["base economy and troop deployment"],"fullName":"base economy and troop deployment starts both sides with only a Home Base on a fresh map","status":"passed","title":"starts both sides with only a Home Base on a fresh map","duration":1.0106999999999289,"failureMessages":[],"meta":{}},{"ancestorTitles":["base economy and troop deployment"],"fullName":"base economy and troop deployment lets the home base deploy a troop in the full default scenario","status":"passed","title":"lets the home base deploy a troop in the full default scenario","duration":0.41210000000000946,"failureMessages":[],"meta":{}},{"ancestorTitles":["base economy and troop deployment"],"fullName":"base economy and troop deployment has the enemy base reinforce its army each turn","status":"passed","title":"has the enemy base reinforce its army each turn","duration":0.36439999999993233,"failureMessages":[],"meta":{}},{"ancestorTitles":["game modes, tech tree, and unit variety"],"fullName":"game modes, tech tree, and unit variety starts every map empty and lays out cover without clumping","status":"passed","title":"starts every map empty and lays out cover without clumping","duration":35.39740000000006,"failureMessages":[],"meta":{}},{"ancestorTitles":["game modes, tech tree, and unit variety"],"fullName":"game modes, tech tree, and unit variety banks control and wins Hold the Hill","status":"passed","title":"banks control and wins Hold the Hill","duration":2.4605999999999995,"failureMessages":[],"meta":{}},{"ancestorTitles":["game modes, tech tree, and unit variety"],"fullName":"game modes, tech tree, and unit variety steals and captures the flag in Capture the Flag","status":"passed","title":"steals and captures the flag in Capture the Flag","duration":3.61220000000003,"failureMessages":[],"meta":{}},{"ancestorTitles":["game modes, tech tree, and unit variety"],"fullName":"game modes, tech tree, and unit variety unlocks armor down the tech tree and deploys a tank","status":"passed","title":"unlocks armor down the tech tree and deploys a tank","duration":0.42070000000001073,"failureMessages":[],"meta":{}},{"ancestorTitles":["game modes, tech tree, and unit variety"],"fullName":"game modes, tech tree, and unit variety heals nearby infantry with a medic aura each round","status":"passed","title":"heals nearby infantry with a medic aura each round","duration":0.3427999999998974,"failureMessages":[],"meta":{}},{"ancestorTitles":["defenses, difficulty, and base upgrades"],"fullName":"defenses, difficulty, and base upgrades upgrades the base to two command points per turn","status":"passed","title":"upgrades the base to two command points per turn","duration":0.30309999999997217,"failureMessages":[],"meta":{}},{"ancestorTitles":["defenses, difficulty, and base upgrades"],"fullName":"defenses, difficulty, and base upgrades builds a defensive turret near the base but rejects far or overlapping spots","status":"passed","title":"builds a defensive turret near the base but rejects far or overlapping spots","duration":0.5079000000000633,"failureMessages":[],"meta":{}},{"ancestorTitles":["defenses, difficulty, and base upgrades"],"fullName":"defenses, difficulty, and base upgrades lets a tank fire an explosive shell at a ground spot","status":"passed","title":"lets a tank fire an explosive shell at a ground spot","duration":0.20730000000003201,"failureMessages":[],"meta":{}},{"ancestorTitles":["defenses, difficulty, and base upgrades"],"fullName":"defenses, difficulty, and base upgrades does not let infantry fire at the ground","status":"passed","title":"does not let infantry fire at the ground","duration":0.11320000000000618,"failureMessages":[],"meta":{}},{"ancestorTitles":["defenses, difficulty, and base upgrades"],"fullName":"defenses, difficulty, and base upgrades gives enemy units more health on harder difficulty","status":"passed","title":"gives enemy units more health on harder difficulty","duration":1.254099999999994,"failureMessages":[],"meta":{}},{"ancestorTitles":["defenses, difficulty, and base upgrades"],"fullName":"defenses, difficulty, and base upgrades provides a move-range circle when Move is armed","status":"passed","title":"provides a move-range circle when Move is armed","duration":0.13999999999998636,"failureMessages":[],"meta":{}},{"ancestorTitles":["defenses, difficulty, and base upgrades"],"fullName":"defenses, difficulty, and base upgrades saves and restores a battle","status":"passed","title":"saves and restores a battle","duration":1.4027000000000953,"failureMessages":[],"meta":{}}],"startTime":1782127746711,"endTime":1782127746806.4026,"status":"passed","message":"","name":"E:/Storage/SAAS/Rogue-Heroes/game/src/game/sim.test.ts"}]}