{"numTotalTestSuites":11,"numPassedTestSuites":11,"numFailedTestSuites":0,"numPendingTestSuites":0,"numTotalTests":100,"numPassedTests":100,"numFailedTests":0,"numPendingTests":0,"numTodoTests":0,"snapshot":{"added":0,"failure":false,"filesAdded":0,"filesRemoved":0,"filesRemovedList":[],"filesUnmatched":0,"filesUpdated":0,"matched":0,"total":0,"unchecked":0,"uncheckedKeysByFile":[],"unmatched":0,"updated":0,"didUpdate":false},"startTime":1782184860883,"success":true,"testResults":[{"assertionResults":[{"ancestorTitles":["component damage model"],"fullName":"component damage model immobilizes a tank when a tread is destroyed","status":"passed","title":"immobilizes a tank when a tread is destroyed","duration":1.3151000000000295,"failureMessages":[],"meta":{}},{"ancestorTitles":["component damage model"],"fullName":"component damage model disarms a soldier when the rifle is destroyed without killing them","status":"passed","title":"disarms a soldier when the rifle is destroyed without killing them","duration":0.3195999999999799,"failureMessages":[],"meta":{}},{"ancestorTitles":["component damage model"],"fullName":"component damage model kills a soldier instantly when the head is destroyed","status":"passed","title":"kills a soldier instantly when the head is destroyed","duration":0.165300000000002,"failureMessages":[],"meta":{}},{"ancestorTitles":["component damage model"],"fullName":"component damage model stops a soldier from moving when their legs are destroyed","status":"passed","title":"stops a soldier from moving when their legs are destroyed","duration":0.19779999999997244,"failureMessages":[],"meta":{}},{"ancestorTitles":["component damage model"],"fullName":"component damage model keeps an economy base unarmed and lets it lose its comms while the core survives","status":"passed","title":"keeps an economy base unarmed and lets it lose its comms while the core survives","duration":0.32269999999999754,"failureMessages":[],"meta":{}},{"ancestorTitles":["component damage model"],"fullName":"component damage model starts a base with economy state and stops it producing once destroyed","status":"passed","title":"starts a base with economy state and stops it producing once destroyed","duration":0.5615999999999985,"failureMessages":[],"meta":{}},{"ancestorTitles":["component damage model"],"fullName":"component damage model jams tank fire when the turret ring is destroyed","status":"passed","title":"jams tank fire when the turret ring is destroyed","duration":0.6003000000000043,"failureMessages":[],"meta":{}},{"ancestorTitles":["component damage model"],"fullName":"component damage model limits command points when utility packs are destroyed","status":"passed","title":"limits command points when utility packs are destroyed","duration":0.14979999999997062,"failureMessages":[],"meta":{}},{"ancestorTitles":["component damage model"],"fullName":"component damage model makes core shots hit harder after armor is stripped","status":"passed","title":"makes core shots hit harder after armor is stripped","duration":0.2728999999999928,"failureMessages":[],"meta":{}},{"ancestorTitles":["component damage model"],"fullName":"component damage model aims at gameplay-specific parts before center mass","status":"passed","title":"aims at gameplay-specific parts before center mass","duration":0.1974999999999909,"failureMessages":[],"meta":{}},{"ancestorTitles":["component damage model"],"fullName":"component damage model creates sniper, grenadier, and striker infantry variants with role-specific systems","status":"passed","title":"creates sniper, grenadier, and striker infantry variants with role-specific systems","duration":0.3240999999999872,"failureMessages":[],"meta":{}}],"startTime":1782184861394,"endTime":1782184861398.3242,"status":"passed","message":"","name":"E:/Storage/SAAS/Rogue-Heroes/game/src/game/damageModel.test.ts"},{"assertionResults":[{"ancestorTitles":["loop goals"],"fullName":"loop goals G3: starts in command phase, turn 1, with no units fielded","status":"passed","title":"G3: starts in command phase, turn 1, with no units fielded","duration":5.1491000000000895,"failureMessages":[],"meta":{}},{"ancestorTitles":["loop goals"],"fullName":"loop goals G5: deploying a Recruit adds a field unit and spends money + the base CP","status":"passed","title":"G5: deploying a Recruit adds a field unit and spends money + the base CP","duration":1.5230999999999995,"failureMessages":[],"meta":{}},{"ancestorTitles":["loop goals"],"fullName":"loop goals G6: researching a doctrine unlocks it on the base","status":"passed","title":"G6: researching a doctrine unlocks it on the base","duration":1.4062999999999874,"failureMessages":[],"meta":{}},{"ancestorTitles":["loop goals"],"fullName":"loop goals G7: a resolved rifle shot reduces an enemy part's health","status":"passed","title":"G7: a resolved rifle shot reduces an enemy part's health","duration":4.273400000000038,"failureMessages":[],"meta":{}},{"ancestorTitles":["loop goals"],"fullName":"loop goals G8: landing the killing blow on the last enemy reaches a victory end-state","status":"passed","title":"G8: landing the killing blow on the last enemy reaches a victory end-state","duration":0.7742999999999256,"failureMessages":[],"meta":{}},{"ancestorTitles":["loop goals"],"fullName":"loop goals G9: Move intent exposes a positive movement-range radius","status":"passed","title":"G9: Move intent exposes a positive movement-range radius","duration":0.3950999999999567,"failureMessages":[],"meta":{}},{"ancestorTitles":["loop goals"],"fullName":"loop goals G10: grenade ground-aim previews a reachable blast radius","status":"passed","title":"G10: grenade ground-aim previews a reachable blast radius","duration":0.4852000000000771,"failureMessages":[],"meta":{}},{"ancestorTitles":["loop goals"],"fullName":"loop goals G11: build placement exposes a range ring near the base","status":"passed","title":"G11: build placement exposes a range ring near the base","duration":0.6789999999999736,"failureMessages":[],"meta":{}},{"ancestorTitles":["loop goals"],"fullName":"loop goals G13: a destroyed part stays listed on the entity at 0 HP","status":"passed","title":"G13: a destroyed part stays listed on the entity at 0 HP","duration":0.2759999999999536,"failureMessages":[],"meta":{}},{"ancestorTitles":["batch balance + UX fixes"],"fullName":"batch balance + UX fixes the +1 CP command upgrade is a heavier investment than before","status":"passed","title":"the +1 CP command upgrade is a heavier investment than before","duration":0.165300000000002,"failureMessages":[],"meta":{}},{"ancestorTitles":["batch balance + UX fixes"],"fullName":"batch balance + UX fixes higher-tier units and emplacements cost more than line troops","status":"passed","title":"higher-tier units and emplacements cost more than line troops","duration":0.17010000000004766,"failureMessages":[],"meta":{}},{"ancestorTitles":["batch balance + UX fixes"],"fullName":"batch balance + UX fixes a tank fields with much more health than a recruit, matching its higher cost","status":"passed","title":"a tank fields with much more health than a recruit, matching its higher cost","duration":1.3438999999999623,"failureMessages":[],"meta":{}},{"ancestorTitles":["batch balance + UX fixes"],"fullName":"batch balance + UX fixes the second move ring originates from the projected post-move position","status":"passed","title":"the second move ring originates from the projected post-move position","duration":0.5170000000000528,"failureMessages":[],"meta":{}},{"ancestorTitles":["batch balance + UX fixes"],"fullName":"batch balance + UX fixes the Strike preview reports a concrete damage number","status":"passed","title":"the Strike preview reports a concrete damage number","duration":0.18830000000002656,"failureMessages":[],"meta":{}},{"ancestorTitles":["batch balance + UX fixes"],"fullName":"batch balance + UX fixes the grenade preview flags a tall obstacle squarely in the throw arc","status":"passed","title":"the grenade preview flags a tall obstacle squarely in the throw arc","duration":0.4416999999999689,"failureMessages":[],"meta":{}},{"ancestorTitles":["debug scenarios"],"fullName":"debug scenarios registers a non-trivial set of named scenarios","status":"passed","title":"registers a non-trivial set of named scenarios","duration":0.18880000000001473,"failureMessages":[],"meta":{}},{"ancestorTitles":["debug scenarios"],"fullName":"debug scenarios every scenario applies without error and leaves a populated battle","status":"passed","title":"every scenario applies without error and leaves a populated battle","duration":6.575900000000047,"failureMessages":[],"meta":{}},{"ancestorTitles":["debug scenarios"],"fullName":"debug scenarios the roster scenario fields many distinct unit kinds","status":"passed","title":"the roster scenario fields many distinct unit kinds","duration":0.9148000000000138,"failureMessages":[],"meta":{}},{"ancestorTitles":["debug scenarios"],"fullName":"debug scenarios victory and defeat scenarios stage the matching end phase","status":"passed","title":"victory and defeat scenarios stage the matching end phase","duration":1.65949999999998,"failureMessages":[],"meta":{}},{"ancestorTitles":["debug scenarios"],"fullName":"debug scenarios the siege scenario fortifies the enemy base and stages a player assault","status":"passed","title":"the siege scenario fortifies the enemy base and stages a player assault","duration":0.8106000000000222,"failureMessages":[],"meta":{}},{"ancestorTitles":["debug scenarios"],"fullName":"debug scenarios debugSpawn/debugBuild place ready units that bypass the economy","status":"passed","title":"debugSpawn/debugBuild place ready units that bypass the economy","duration":0.9495999999999185,"failureMessages":[],"meta":{}},{"ancestorTitles":["debug scenarios"],"fullName":"debug scenarios applyScenario returns false for an unknown id","status":"passed","title":"applyScenario returns false for an unknown id","duration":0.3242000000000189,"failureMessages":[],"meta":{}}],"startTime":1782184861601,"endTime":1782184861631.3242,"status":"passed","message":"","name":"E:/Storage/SAAS/Rogue-Heroes/game/src/game/loop-goals.test.ts"},{"assertionResults":[{"ancestorTitles":["tactical simulation loop"],"fullName":"tactical simulation loop resolves queued target fire back into a new command phase","status":"passed","title":"resolves queued target fire back into a new command phase","duration":8.253000000000043,"failureMessages":[],"meta":{}},{"ancestorTitles":["tactical simulation loop"],"fullName":"tactical simulation loop does not let tank rams target friendly units","status":"passed","title":"does not let tank rams target friendly units","duration":0.45670000000006894,"failureMessages":[],"meta":{}},{"ancestorTitles":["tactical simulation loop"],"fullName":"tactical simulation loop lets a unit spend multiple CP on queued orders and undo individual choices","status":"passed","title":"lets a unit spend multiple CP on queued orders and undo individual choices","duration":0.9797000000000935,"failureMessages":[],"meta":{}},{"ancestorTitles":["tactical simulation loop"],"fullName":"tactical simulation loop previews a queued follow-up shot from the unit's moved position","status":"passed","title":"previews a queued follow-up shot from the unit's moved position","duration":0.6403000000000247,"failureMessages":[],"meta":{}},{"ancestorTitles":["tactical simulation loop"],"fullName":"tactical simulation loop executes move then shoot from the moved position","status":"passed","title":"executes move then shoot from the moved position","duration":0.491800000000012,"failureMessages":[],"meta":{}},{"ancestorTitles":["tactical simulation loop"],"fullName":"tactical simulation loop can finish a one-fight victory from normal queued combat","status":"passed","title":"can finish a one-fight victory from normal queued combat","duration":1.0026000000000295,"failureMessages":[],"meta":{}},{"ancestorTitles":["tactical simulation loop"],"fullName":"tactical simulation loop only exposes intact parts that exist on the selected target type","status":"passed","title":"only exposes intact parts that exist on the selected target type","duration":0.3870999999999185,"failureMessages":[],"meta":{}},{"ancestorTitles":["tactical simulation loop"],"fullName":"tactical simulation loop previews and resolves shots into blocking cover before the intended enemy part","status":"passed","title":"previews and resolves shots into blocking cover before the intended enemy part","duration":1.2264000000000124,"failureMessages":[],"meta":{}},{"ancestorTitles":["tactical simulation loop"],"fullName":"tactical simulation loop uses the selected part to change projectile trajectory through cover","status":"passed","title":"uses the selected part to change projectile trajectory through cover","duration":0.4472000000000662,"failureMessages":[],"meta":{}},{"ancestorTitles":["tactical simulation loop"],"fullName":"tactical simulation loop makes soldier head shots a weak-point damage choice","status":"passed","title":"makes soldier head shots a weak-point damage choice","duration":0.5522999999999456,"failureMessages":[],"meta":{}},{"ancestorTitles":["tactical simulation loop"],"fullName":"tactical simulation loop lets soldiers duck under incoming head shots but not body shots","status":"passed","title":"lets soldiers duck under incoming head shots but not body shots","duration":1.58400000000006,"failureMessages":[],"meta":{}},{"ancestorTitles":["tactical simulation loop"],"fullName":"tactical simulation loop launches a visible projectile before applying shot damage","status":"passed","title":"launches a visible projectile before applying shot damage","duration":0.6698000000000093,"failureMessages":[],"meta":{}},{"ancestorTitles":["tactical simulation loop"],"fullName":"tactical simulation loop keeps great-accuracy shots on the exact aimed trajectory","status":"passed","title":"keeps great-accuracy shots on the exact aimed trajectory","duration":0.6213000000000193,"failureMessages":[],"meta":{}},{"ancestorTitles":["tactical simulation loop"],"fullName":"tactical simulation loop makes movement hurt accuracy while crouch improves it and prone is unavailable","status":"passed","title":"makes movement hurt accuracy while crouch improves it and prone is unavailable","duration":0.5842000000000098,"failureMessages":[],"meta":{}},{"ancestorTitles":["tactical simulation loop"],"fullName":"tactical simulation loop does not let non-infantry stance data improve tank accuracy","status":"passed","title":"does not let non-infantry stance data improve tank accuracy","duration":0.2477999999999838,"failureMessages":[],"meta":{}},{"ancestorTitles":["tactical simulation loop"],"fullName":"tactical simulation loop lets sway turn a small-part shot into a different part hit on the same target","status":"passed","title":"lets sway turn a small-part shot into a different part hit on the same target","duration":2.328399999999988,"failureMessages":[],"meta":{}},{"ancestorTitles":["tactical simulation loop"],"fullName":"tactical simulation loop makes the same inaccurate attack much more reliable at close range","status":"passed","title":"makes the same inaccurate attack much more reliable at close range","duration":0.27940000000000964,"failureMessages":[],"meta":{}},{"ancestorTitles":["tactical simulation loop"],"fullName":"tactical simulation loop lets a highly inaccurate burst stray into a different unit on the line","status":"passed","title":"lets a highly inaccurate burst stray into a different unit on the line","duration":4.60590000000002,"failureMessages":[],"meta":{}},{"ancestorTitles":["tactical simulation loop"],"fullName":"tactical simulation loop lets a moving target drag a tracked shot into cover during resolve","status":"passed","title":"lets a moving target drag a tracked shot into cover during resolve","duration":0.7882000000000744,"failureMessages":[],"meta":{}},{"ancestorTitles":["tactical simulation loop"],"fullName":"tactical simulation loop limits move distance and treats move-clicking cover as taking cover","status":"passed","title":"limits move distance and treats move-clicking cover as taking cover","duration":0.6452999999999065,"failureMessages":[],"meta":{}},{"ancestorTitles":["tactical simulation loop"],"fullName":"tactical simulation loop limits tank ram reach while allowing nearby tanks to crush cover","status":"passed","title":"limits tank ram reach while allowing nearby tanks to crush cover","duration":0.4733999999999696,"failureMessages":[],"meta":{}},{"ancestorTitles":["tactical simulation loop"],"fullName":"tactical simulation loop reports far ram targets before confirmation","status":"passed","title":"reports far ram targets before confirmation","duration":0.25520000000005894,"failureMessages":[],"meta":{}},{"ancestorTitles":["tactical simulation loop"],"fullName":"tactical simulation loop lets a striker make adjacent melee strikes for high close damage","status":"passed","title":"lets a striker make adjacent melee strikes for high close damage","duration":0.6265999999999394,"failureMessages":[],"meta":{}},{"ancestorTitles":["tactical simulation loop"],"fullName":"tactical simulation loop lets infantry climb low objects but rejects tall walls","status":"passed","title":"lets infantry climb low objects but rejects tall walls","duration":0.6924999999999955,"failureMessages":[],"meta":{}},{"ancestorTitles":["tactical simulation loop"],"fullName":"tactical simulation loop blocks steep cliff movement unless infantry uses a cliff ascent","status":"passed","title":"blocks steep cliff movement unless infantry uses a cliff ascent","duration":0.48450000000002547,"failureMessages":[],"meta":{}},{"ancestorTitles":["tactical simulation loop"],"fullName":"tactical simulation loop rejects tanks trying to use cliff ascents","status":"passed","title":"rejects tanks trying to use cliff ascents","duration":0.2175000000000864,"failureMessages":[],"meta":{}},{"ancestorTitles":["tactical simulation loop"],"fullName":"tactical simulation loop queues crouch behind cover and slows the next move","status":"passed","title":"queues crouch behind cover and slows the next move","duration":0.4882999999999811,"failureMessages":[],"meta":{}},{"ancestorTitles":["tactical simulation loop"],"fullName":"tactical simulation loop previews melee and ram reach from the queued movement destination","status":"passed","title":"previews melee and ram reach from the queued movement destination","duration":0.3727999999999838,"failureMessages":[],"meta":{}},{"ancestorTitles":["tactical simulation loop"],"fullName":"tactical simulation loop keeps soldiers crouched into the next turn unless they move","status":"passed","title":"keeps soldiers crouched into the next turn unless they move","duration":0.7871999999999844,"failureMessages":[],"meta":{}},{"ancestorTitles":["tactical simulation loop"],"fullName":"tactical simulation loop records turn reports with grouped damage details after resolve","status":"passed","title":"records turn reports with grouped damage details after resolve","duration":0.5900000000000318,"failureMessages":[],"meta":{}},{"ancestorTitles":["tactical simulation loop"],"fullName":"tactical simulation loop warns when a friendly unit is in the projectile path","status":"passed","title":"warns when a friendly unit is in the projectile path","duration":0.3188999999999851,"failureMessages":[],"meta":{}},{"ancestorTitles":["tactical simulation loop"],"fullName":"tactical simulation loop lets soldiers spend, cancel, and exhaust a limited grenade supply","status":"passed","title":"lets soldiers spend, cancel, and exhaust a limited grenade supply","duration":0.9351999999998952,"failureMessages":[],"meta":{}},{"ancestorTitles":["tactical simulation loop"],"fullName":"tactical simulation loop launches soldier hand grenades as arcing projectiles","status":"passed","title":"launches soldier hand grenades as arcing projectiles","duration":0.39189999999996417,"failureMessages":[],"meta":{}},{"ancestorTitles":["tactical simulation loop"],"fullName":"tactical simulation loop lets soldiers throw grenades at ground locations for area damage","status":"passed","title":"lets soldiers throw grenades at ground locations for area damage","duration":1.537900000000036,"failureMessages":[],"meta":{}},{"ancestorTitles":["tactical simulation loop"],"fullName":"tactical simulation loop requires strikes to start adjacent and applies them to the selected part","status":"passed","title":"requires strikes to start adjacent and applies them to the selected part","duration":1.1609000000000833,"failureMessages":[],"meta":{}},{"ancestorTitles":["tactical simulation loop"],"fullName":"tactical simulation loop gives grenadiers arced projectiles with splash damage around close impacts","status":"passed","title":"gives grenadiers arced projectiles with splash damage around close impacts","duration":0.7313000000000329,"failureMessages":[],"meta":{}},{"ancestorTitles":["tactical simulation loop"],"fullName":"tactical simulation loop lets a missed grenade hit ground, roll, and still explode","status":"passed","title":"lets a missed grenade hit ground, roll, and still explode","duration":0.7945999999999458,"failureMessages":[],"meta":{}},{"ancestorTitles":["tactical simulation loop"],"fullName":"tactical simulation loop keeps a launched projectile alive if the shooter dies before impact","status":"passed","title":"keeps a launched projectile alive if the shooter dies before impact","duration":0.31129999999996016,"failureMessages":[],"meta":{}},{"ancestorTitles":["tactical simulation loop"],"fullName":"tactical simulation loop lets a ducked-under head shot continue and hit cover behind the target","status":"passed","title":"lets a ducked-under head shot continue and hit cover behind the target","duration":0.6525000000000318,"failureMessages":[],"meta":{}},{"ancestorTitles":["tactical simulation loop"],"fullName":"tactical simulation loop makes tank shells splash nearby parts and crush cover harder than rifle fire","status":"passed","title":"makes tank shells splash nearby parts and crush cover harder than rifle fire","duration":1.1194000000000415,"failureMessages":[],"meta":{}},{"ancestorTitles":["tactical simulation loop"],"fullName":"tactical simulation loop marks low projectile lines as blocked when they would hit high ground first","status":"passed","title":"marks low projectile lines as blocked when they would hit high ground first","duration":0.2077000000000453,"failureMessages":[],"meta":{}},{"ancestorTitles":["tactical simulation loop"],"fullName":"tactical simulation loop boosts nearby allied shot damage while a support relay is intact","status":"passed","title":"boosts nearby allied shot damage while a support relay is intact","duration":0.1916999999999689,"failureMessages":[],"meta":{}},{"ancestorTitles":["tactical simulation loop"],"fullName":"tactical simulation loop records resolve damage without emitting floating damage labels","status":"passed","title":"records resolve damage without emitting floating damage labels","duration":0.43470000000002074,"failureMessages":[],"meta":{}},{"ancestorTitles":["base economy and troop deployment"],"fullName":"base economy and troop deployment pays base income each round, scaled by reactor health","status":"passed","title":"pays base income each round, scaled by reactor health","duration":0.7065999999999804,"failureMessages":[],"meta":{}},{"ancestorTitles":["base economy and troop deployment"],"fullName":"base economy and troop deployment deploys a troop instantly, spending CP and money and applying a cooldown","status":"passed","title":"deploys a troop instantly, spending CP and money and applying a cooldown","duration":0.6960000000000264,"failureMessages":[],"meta":{}},{"ancestorTitles":["base economy and troop deployment"],"fullName":"base economy and troop deployment gates troop types behind the tech tree","status":"passed","title":"gates troop types behind the tech tree","duration":0.17059999999992215,"failureMessages":[],"meta":{}},{"ancestorTitles":["base economy and troop deployment"],"fullName":"base economy and troop deployment clears a troop cooldown after enough rounds","status":"passed","title":"clears a troop cooldown after enough rounds","duration":0.24120000000004893,"failureMessages":[],"meta":{}},{"ancestorTitles":["base economy and troop deployment"],"fullName":"base economy and troop deployment enforces the hard field cap","status":"passed","title":"enforces the hard field cap","duration":0.16079999999999472,"failureMessages":[],"meta":{}},{"ancestorTitles":["base economy and troop deployment"],"fullName":"base economy and troop deployment upgrades income to raise the money paid each round","status":"passed","title":"upgrades income to raise the money paid each round","duration":0.23270000000002256,"failureMessages":[],"meta":{}},{"ancestorTitles":["base economy and troop deployment"],"fullName":"base economy and troop deployment researches a tech node to unlock new troop types","status":"passed","title":"researches a tech node to unlock new troop types","duration":0.4612000000000762,"failureMessages":[],"meta":{}},{"ancestorTitles":["base economy and troop deployment"],"fullName":"base economy and troop deployment blocks research without prerequisites and respects the tree","status":"passed","title":"blocks research without prerequisites and respects the tree","duration":0.16960000000005948,"failureMessages":[],"meta":{}},{"ancestorTitles":["base economy and troop deployment"],"fullName":"base economy and troop deployment keeps the home base unarmed","status":"passed","title":"keeps the home base unarmed","duration":0.10979999999995016,"failureMessages":[],"meta":{}},{"ancestorTitles":["base economy and troop deployment"],"fullName":"base economy and troop deployment starts both sides with only a Home Base on a fresh map","status":"passed","title":"starts both sides with only a Home Base on a fresh map","duration":1.3642999999999574,"failureMessages":[],"meta":{}},{"ancestorTitles":["base economy and troop deployment"],"fullName":"base economy and troop deployment lets the home base deploy a troop in the full default scenario","status":"passed","title":"lets the home base deploy a troop in the full default scenario","duration":0.8328999999999951,"failureMessages":[],"meta":{}},{"ancestorTitles":["base economy and troop deployment"],"fullName":"base economy and troop deployment has the enemy base reinforce its army each turn","status":"passed","title":"has the enemy base reinforce its army each turn","duration":0.7261999999999489,"failureMessages":[],"meta":{}},{"ancestorTitles":["game modes, tech tree, and unit variety"],"fullName":"game modes, tech tree, and unit variety starts every map empty and lays out cover without clumping","status":"passed","title":"starts every map empty and lays out cover without clumping","duration":27.710000000000036,"failureMessages":[],"meta":{}},{"ancestorTitles":["game modes, tech tree, and unit variety"],"fullName":"game modes, tech tree, and unit variety banks control and wins Hold the Hill","status":"passed","title":"banks control and wins Hold the Hill","duration":1.989400000000046,"failureMessages":[],"meta":{}},{"ancestorTitles":["game modes, tech tree, and unit variety"],"fullName":"game modes, tech tree, and unit variety steals and captures the flag in Capture the Flag","status":"passed","title":"steals and captures the flag in Capture the Flag","duration":2.0277999999999565,"failureMessages":[],"meta":{}},{"ancestorTitles":["game modes, tech tree, and unit variety"],"fullName":"game modes, tech tree, and unit variety unlocks armor down the tech tree and deploys a tank","status":"passed","title":"unlocks armor down the tech tree and deploys a tank","duration":0.24049999999999727,"failureMessages":[],"meta":{}},{"ancestorTitles":["game modes, tech tree, and unit variety"],"fullName":"game modes, tech tree, and unit variety heals nearby infantry with a medic aura each round","status":"passed","title":"heals nearby infantry with a medic aura each round","duration":0.28139999999996235,"failureMessages":[],"meta":{}},{"ancestorTitles":["defenses, difficulty, and base upgrades"],"fullName":"defenses, difficulty, and base upgrades upgrades the base to two command points per turn","status":"passed","title":"upgrades the base to two command points per turn","duration":0.24909999999999854,"failureMessages":[],"meta":{}},{"ancestorTitles":["defenses, difficulty, and base upgrades"],"fullName":"defenses, difficulty, and base upgrades builds a defensive turret near the base but rejects far or overlapping spots","status":"passed","title":"builds a defensive turret near the base but rejects far or overlapping spots","duration":0.4823999999999842,"failureMessages":[],"meta":{}},{"ancestorTitles":["defenses, difficulty, and base upgrades"],"fullName":"defenses, difficulty, and base upgrades lets a tank fire an explosive shell at a ground spot","status":"passed","title":"lets a tank fire an explosive shell at a ground spot","duration":0.20600000000001728,"failureMessages":[],"meta":{}},{"ancestorTitles":["defenses, difficulty, and base upgrades"],"fullName":"defenses, difficulty, and base upgrades does not let infantry fire at the ground","status":"passed","title":"does not let infantry fire at the ground","duration":0.10900000000003729,"failureMessages":[],"meta":{}},{"ancestorTitles":["defenses, difficulty, and base upgrades"],"fullName":"defenses, difficulty, and base upgrades gives enemy units more health on harder difficulty","status":"passed","title":"gives enemy units more health on harder difficulty","duration":1.1630999999999858,"failureMessages":[],"meta":{}},{"ancestorTitles":["defenses, difficulty, and base upgrades"],"fullName":"defenses, difficulty, and base upgrades provides a move-range circle when Move is armed","status":"passed","title":"provides a move-range circle when Move is armed","duration":0.11700000000007549,"failureMessages":[],"meta":{}},{"ancestorTitles":["defenses, difficulty, and base upgrades"],"fullName":"defenses, difficulty, and base upgrades saves and restores a battle","status":"passed","title":"saves and restores a battle","duration":1.5472999999999502,"failureMessages":[],"meta":{}}],"startTime":1782184861588,"endTime":1782184861671.5474,"status":"passed","message":"","name":"E:/Storage/SAAS/Rogue-Heroes/game/src/game/sim.test.ts"}]}