{"numTotalTestSuites":9,"numPassedTestSuites":9,"numFailedTestSuites":0,"numPendingTestSuites":0,"numTotalTests":87,"numPassedTests":87,"numFailedTests":0,"numPendingTests":0,"numTodoTests":0,"snapshot":{"added":0,"failure":false,"filesAdded":0,"filesRemoved":0,"filesRemovedList":[],"filesUnmatched":0,"filesUpdated":0,"matched":0,"total":0,"unchecked":0,"uncheckedKeysByFile":[],"unmatched":0,"updated":0,"didUpdate":false},"startTime":1782128626212,"success":true,"testResults":[{"assertionResults":[{"ancestorTitles":["component damage model"],"fullName":"component damage model immobilizes a tank when a tread is destroyed","status":"passed","title":"immobilizes a tank when a tread is destroyed","duration":3.2294999999999163,"failureMessages":[],"meta":{}},{"ancestorTitles":["component damage model"],"fullName":"component damage model disarms a soldier when the rifle is destroyed without killing them","status":"passed","title":"disarms a soldier when the rifle is destroyed without killing them","duration":0.4657999999999447,"failureMessages":[],"meta":{}},{"ancestorTitles":["component damage model"],"fullName":"component damage model kills a soldier instantly when the head is destroyed","status":"passed","title":"kills a soldier instantly when the head is destroyed","duration":0.2985000000001037,"failureMessages":[],"meta":{}},{"ancestorTitles":["component damage model"],"fullName":"component damage model stops a soldier from moving when their legs are destroyed","status":"passed","title":"stops a soldier from moving when their legs are destroyed","duration":0.2647999999999229,"failureMessages":[],"meta":{}},{"ancestorTitles":["component damage model"],"fullName":"component damage model keeps an economy base unarmed and lets it lose its comms while the core survives","status":"passed","title":"keeps an economy base unarmed and lets it lose its comms while the core survives","duration":0.8617999999999029,"failureMessages":[],"meta":{}},{"ancestorTitles":["component damage model"],"fullName":"component damage model starts a base with economy state and stops it producing once destroyed","status":"passed","title":"starts a base with economy state and stops it producing once destroyed","duration":0.9157999999999902,"failureMessages":[],"meta":{}},{"ancestorTitles":["component damage model"],"fullName":"component damage model jams tank fire when the turret ring is destroyed","status":"passed","title":"jams tank fire when the turret ring is destroyed","duration":1.0072000000000116,"failureMessages":[],"meta":{}},{"ancestorTitles":["component damage model"],"fullName":"component damage model limits command points when utility packs are destroyed","status":"passed","title":"limits command points when utility packs are destroyed","duration":0.2928999999999178,"failureMessages":[],"meta":{}},{"ancestorTitles":["component damage model"],"fullName":"component damage model makes core shots hit harder after armor is stripped","status":"passed","title":"makes core shots hit harder after armor is stripped","duration":0.4693999999999505,"failureMessages":[],"meta":{}},{"ancestorTitles":["component damage model"],"fullName":"component damage model aims at gameplay-specific parts before center mass","status":"passed","title":"aims at gameplay-specific parts before center mass","duration":0.3623999999999796,"failureMessages":[],"meta":{}},{"ancestorTitles":["component damage model"],"fullName":"component damage model creates sniper, grenadier, and striker infantry variants with role-specific systems","status":"passed","title":"creates sniper, grenadier, and striker infantry variants with role-specific systems","duration":0.6077000000000226,"failureMessages":[],"meta":{}}],"startTime":1782128627357,"endTime":1782128627366.6077,"status":"passed","message":"","name":"E:/Storage/SAAS/Rogue-Heroes/game/src/game/damageModel.test.ts"},{"assertionResults":[{"ancestorTitles":["loop goals"],"fullName":"loop goals G3: starts in command phase, turn 1, with no units fielded","status":"passed","title":"G3: starts in command phase, turn 1, with no units fielded","duration":6.346700000000055,"failureMessages":[],"meta":{}},{"ancestorTitles":["loop goals"],"fullName":"loop goals G5: deploying a Recruit adds a field unit and spends money + the base CP","status":"passed","title":"G5: deploying a Recruit adds a field unit and spends money + the base CP","duration":2.269800000000032,"failureMessages":[],"meta":{}},{"ancestorTitles":["loop goals"],"fullName":"loop goals G6: researching a doctrine unlocks it on the base","status":"passed","title":"G6: researching a doctrine unlocks it on the base","duration":2.0786000000000513,"failureMessages":[],"meta":{}},{"ancestorTitles":["loop goals"],"fullName":"loop goals G7: a resolved rifle shot reduces an enemy part's health","status":"passed","title":"G7: a resolved rifle shot reduces an enemy part's health","duration":4.577599999999848,"failureMessages":[],"meta":{}},{"ancestorTitles":["loop goals"],"fullName":"loop goals G8: landing the killing blow on the last enemy reaches a victory end-state","status":"passed","title":"G8: landing the killing blow on the last enemy reaches a victory end-state","duration":1.0919000000001233,"failureMessages":[],"meta":{}},{"ancestorTitles":["loop goals"],"fullName":"loop goals G9: Move intent exposes a positive movement-range radius","status":"passed","title":"G9: Move intent exposes a positive movement-range radius","duration":0.5019999999999527,"failureMessages":[],"meta":{}},{"ancestorTitles":["loop goals"],"fullName":"loop goals G10: grenade ground-aim previews a reachable blast radius","status":"passed","title":"G10: grenade ground-aim previews a reachable blast radius","duration":0.6911000000000058,"failureMessages":[],"meta":{}},{"ancestorTitles":["loop goals"],"fullName":"loop goals G11: build placement exposes a range ring near the base","status":"passed","title":"G11: build placement exposes a range ring near the base","duration":1.054700000000139,"failureMessages":[],"meta":{}},{"ancestorTitles":["loop goals"],"fullName":"loop goals G13: a destroyed part stays listed on the entity at 0 HP","status":"passed","title":"G13: a destroyed part stays listed on the entity at 0 HP","duration":0.40660000000002583,"failureMessages":[],"meta":{}}],"startTime":1782128627782,"endTime":1782128627800.4065,"status":"passed","message":"","name":"E:/Storage/SAAS/Rogue-Heroes/game/src/game/loop-goals.test.ts"},{"assertionResults":[{"ancestorTitles":["tactical simulation loop"],"fullName":"tactical simulation loop resolves queued target fire back into a new command phase","status":"passed","title":"resolves queued target fire back into a new command phase","duration":7.333100000000059,"failureMessages":[],"meta":{}},{"ancestorTitles":["tactical simulation loop"],"fullName":"tactical simulation loop does not let tank rams target friendly units","status":"passed","title":"does not let tank rams target friendly units","duration":0.5298999999999978,"failureMessages":[],"meta":{}},{"ancestorTitles":["tactical simulation loop"],"fullName":"tactical simulation loop lets a unit spend multiple CP on queued orders and undo individual choices","status":"passed","title":"lets a unit spend multiple CP on queued orders and undo individual choices","duration":1.0878999999999905,"failureMessages":[],"meta":{}},{"ancestorTitles":["tactical simulation loop"],"fullName":"tactical simulation loop previews a queued follow-up shot from the unit's moved position","status":"passed","title":"previews a queued follow-up shot from the unit's moved position","duration":0.6524999999999181,"failureMessages":[],"meta":{}},{"ancestorTitles":["tactical simulation loop"],"fullName":"tactical simulation loop executes move then shoot from the moved position","status":"passed","title":"executes move then shoot from the moved position","duration":0.5235000000000127,"failureMessages":[],"meta":{}},{"ancestorTitles":["tactical simulation loop"],"fullName":"tactical simulation loop can finish a one-fight victory from normal queued combat","status":"passed","title":"can finish a one-fight victory from normal queued combat","duration":1.4663000000000466,"failureMessages":[],"meta":{}},{"ancestorTitles":["tactical simulation loop"],"fullName":"tactical simulation loop only exposes intact parts that exist on the selected target type","status":"passed","title":"only exposes intact parts that exist on the selected target type","duration":0.5596000000000458,"failureMessages":[],"meta":{}},{"ancestorTitles":["tactical simulation loop"],"fullName":"tactical simulation loop previews and resolves shots into blocking cover before the intended enemy part","status":"passed","title":"previews and resolves shots into blocking cover before the intended enemy part","duration":1.8135999999999513,"failureMessages":[],"meta":{}},{"ancestorTitles":["tactical simulation loop"],"fullName":"tactical simulation loop uses the selected part to change projectile trajectory through cover","status":"passed","title":"uses the selected part to change projectile trajectory through cover","duration":0.5770999999999731,"failureMessages":[],"meta":{}},{"ancestorTitles":["tactical simulation loop"],"fullName":"tactical simulation loop makes soldier head shots a weak-point damage choice","status":"passed","title":"makes soldier head shots a weak-point damage choice","duration":0.44729999999981374,"failureMessages":[],"meta":{}},{"ancestorTitles":["tactical simulation loop"],"fullName":"tactical simulation loop lets soldiers duck under incoming head shots but not body shots","status":"passed","title":"lets soldiers duck under incoming head shots but not body shots","duration":2.1247000000000753,"failureMessages":[],"meta":{}},{"ancestorTitles":["tactical simulation loop"],"fullName":"tactical simulation loop launches a visible projectile before applying shot damage","status":"passed","title":"launches a visible projectile before applying shot damage","duration":1.192700000000059,"failureMessages":[],"meta":{}},{"ancestorTitles":["tactical simulation loop"],"fullName":"tactical simulation loop keeps great-accuracy shots on the exact aimed trajectory","status":"passed","title":"keeps great-accuracy shots on the exact aimed trajectory","duration":1.0448999999998705,"failureMessages":[],"meta":{}},{"ancestorTitles":["tactical simulation loop"],"fullName":"tactical simulation loop makes movement hurt accuracy while crouch improves it and prone is unavailable","status":"passed","title":"makes movement hurt accuracy while crouch improves it and prone is unavailable","duration":0.6433999999999287,"failureMessages":[],"meta":{}},{"ancestorTitles":["tactical simulation loop"],"fullName":"tactical simulation loop does not let non-infantry stance data improve tank accuracy","status":"passed","title":"does not let non-infantry stance data improve tank accuracy","duration":0.3933999999999287,"failureMessages":[],"meta":{}},{"ancestorTitles":["tactical simulation loop"],"fullName":"tactical simulation loop lets sway turn a small-part shot into a different part hit on the same target","status":"passed","title":"lets sway turn a small-part shot into a different part hit on the same target","duration":3.5239999999998872,"failureMessages":[],"meta":{}},{"ancestorTitles":["tactical simulation loop"],"fullName":"tactical simulation loop makes the same inaccurate attack much more reliable at close range","status":"passed","title":"makes the same inaccurate attack much more reliable at close range","duration":0.4673999999999978,"failureMessages":[],"meta":{}},{"ancestorTitles":["tactical simulation loop"],"fullName":"tactical simulation loop lets a highly inaccurate burst stray into a different unit on the line","status":"passed","title":"lets a highly inaccurate burst stray into a different unit on the line","duration":7.71550000000002,"failureMessages":[],"meta":{}},{"ancestorTitles":["tactical simulation loop"],"fullName":"tactical simulation loop lets a moving target drag a tracked shot into cover during resolve","status":"passed","title":"lets a moving target drag a tracked shot into cover during resolve","duration":2.5520000000001346,"failureMessages":[],"meta":{}},{"ancestorTitles":["tactical simulation loop"],"fullName":"tactical simulation loop limits move distance and treats move-clicking cover as taking cover","status":"passed","title":"limits move distance and treats move-clicking cover as taking cover","duration":2.5506000000000313,"failureMessages":[],"meta":{}},{"ancestorTitles":["tactical simulation loop"],"fullName":"tactical simulation loop limits tank ram reach while allowing nearby tanks to crush cover","status":"passed","title":"limits tank ram reach while allowing nearby tanks to crush cover","duration":0.5691000000001623,"failureMessages":[],"meta":{}},{"ancestorTitles":["tactical simulation loop"],"fullName":"tactical simulation loop reports far ram targets before confirmation","status":"passed","title":"reports far ram targets before confirmation","duration":0.2740000000001146,"failureMessages":[],"meta":{}},{"ancestorTitles":["tactical simulation loop"],"fullName":"tactical simulation loop lets a striker make adjacent melee strikes for high close damage","status":"passed","title":"lets a striker make adjacent melee strikes for high close damage","duration":0.7078999999998814,"failureMessages":[],"meta":{}},{"ancestorTitles":["tactical simulation loop"],"fullName":"tactical simulation loop lets infantry climb low objects but rejects tall walls","status":"passed","title":"lets infantry climb low objects but rejects tall walls","duration":0.7105999999998858,"failureMessages":[],"meta":{}},{"ancestorTitles":["tactical simulation loop"],"fullName":"tactical simulation loop blocks steep cliff movement unless infantry uses a cliff ascent","status":"passed","title":"blocks steep cliff movement unless infantry uses a cliff ascent","duration":0.7695999999998548,"failureMessages":[],"meta":{}},{"ancestorTitles":["tactical simulation loop"],"fullName":"tactical simulation loop rejects tanks trying to use cliff ascents","status":"passed","title":"rejects tanks trying to use cliff ascents","duration":0.3656999999998334,"failureMessages":[],"meta":{}},{"ancestorTitles":["tactical simulation loop"],"fullName":"tactical simulation loop queues crouch behind cover and slows the next move","status":"passed","title":"queues crouch behind cover and slows the next move","duration":0.7893000000001393,"failureMessages":[],"meta":{}},{"ancestorTitles":["tactical simulation loop"],"fullName":"tactical simulation loop previews melee and ram reach from the queued movement destination","status":"passed","title":"previews melee and ram reach from the queued movement destination","duration":0.5634999999999764,"failureMessages":[],"meta":{}},{"ancestorTitles":["tactical simulation loop"],"fullName":"tactical simulation loop keeps soldiers crouched into the next turn unless they move","status":"passed","title":"keeps soldiers crouched into the next turn unless they move","duration":4.4204000000002,"failureMessages":[],"meta":{}},{"ancestorTitles":["tactical simulation loop"],"fullName":"tactical simulation loop records turn reports with grouped damage details after resolve","status":"passed","title":"records turn reports with grouped damage details after resolve","duration":2.140600000000177,"failureMessages":[],"meta":{}},{"ancestorTitles":["tactical simulation loop"],"fullName":"tactical simulation loop warns when a friendly unit is in the projectile path","status":"passed","title":"warns when a friendly unit is in the projectile path","duration":0.5115000000000691,"failureMessages":[],"meta":{}},{"ancestorTitles":["tactical simulation loop"],"fullName":"tactical simulation loop lets soldiers spend, cancel, and exhaust a limited grenade supply","status":"passed","title":"lets soldiers spend, cancel, and exhaust a limited grenade supply","duration":1.4779000000000906,"failureMessages":[],"meta":{}},{"ancestorTitles":["tactical simulation loop"],"fullName":"tactical simulation loop launches soldier hand grenades as arcing projectiles","status":"passed","title":"launches soldier hand grenades as arcing projectiles","duration":0.5826999999999316,"failureMessages":[],"meta":{}},{"ancestorTitles":["tactical simulation loop"],"fullName":"tactical simulation loop lets soldiers throw grenades at ground locations for area damage","status":"passed","title":"lets soldiers throw grenades at ground locations for area damage","duration":2.272799999999961,"failureMessages":[],"meta":{}},{"ancestorTitles":["tactical simulation loop"],"fullName":"tactical simulation loop requires strikes to start adjacent and applies them to the selected part","status":"passed","title":"requires strikes to start adjacent and applies them to the selected part","duration":1.2817999999999756,"failureMessages":[],"meta":{}},{"ancestorTitles":["tactical simulation loop"],"fullName":"tactical simulation loop gives grenadiers arced projectiles with splash damage around close impacts","status":"passed","title":"gives grenadiers arced projectiles with splash damage around close impacts","duration":1.1842999999998938,"failureMessages":[],"meta":{}},{"ancestorTitles":["tactical simulation loop"],"fullName":"tactical simulation loop lets a missed grenade hit ground, roll, and still explode","status":"passed","title":"lets a missed grenade hit ground, roll, and still explode","duration":32.37720000000013,"failureMessages":[],"meta":{}},{"ancestorTitles":["tactical simulation loop"],"fullName":"tactical simulation loop keeps a launched projectile alive if the shooter dies before impact","status":"passed","title":"keeps a launched projectile alive if the shooter dies before impact","duration":0.6683000000000447,"failureMessages":[],"meta":{}},{"ancestorTitles":["tactical simulation loop"],"fullName":"tactical simulation loop lets a ducked-under head shot continue and hit cover behind the target","status":"passed","title":"lets a ducked-under head shot continue and hit cover behind the target","duration":1.0842000000000098,"failureMessages":[],"meta":{}},{"ancestorTitles":["tactical simulation loop"],"fullName":"tactical simulation loop makes tank shells splash nearby parts and crush cover harder than rifle fire","status":"passed","title":"makes tank shells splash nearby parts and crush cover harder than rifle fire","duration":1.8143999999999778,"failureMessages":[],"meta":{}},{"ancestorTitles":["tactical simulation loop"],"fullName":"tactical simulation loop marks low projectile lines as blocked when they would hit high ground first","status":"passed","title":"marks low projectile lines as blocked when they would hit high ground first","duration":0.3614000000000033,"failureMessages":[],"meta":{}},{"ancestorTitles":["tactical simulation loop"],"fullName":"tactical simulation loop boosts nearby allied shot damage while a support relay is intact","status":"passed","title":"boosts nearby allied shot damage while a support relay is intact","duration":0.34379999999987376,"failureMessages":[],"meta":{}},{"ancestorTitles":["tactical simulation loop"],"fullName":"tactical simulation loop records resolve damage without emitting floating damage labels","status":"passed","title":"records resolve damage without emitting floating damage labels","duration":0.66599999999994,"failureMessages":[],"meta":{}},{"ancestorTitles":["base economy and troop deployment"],"fullName":"base economy and troop deployment pays base income each round, scaled by reactor health","status":"passed","title":"pays base income each round, scaled by reactor health","duration":0.8339999999998327,"failureMessages":[],"meta":{}},{"ancestorTitles":["base economy and troop deployment"],"fullName":"base economy and troop deployment deploys a troop instantly, spending CP and money and applying a cooldown","status":"passed","title":"deploys a troop instantly, spending CP and money and applying a cooldown","duration":0.9328000000000429,"failureMessages":[],"meta":{}},{"ancestorTitles":["base economy and troop deployment"],"fullName":"base economy and troop deployment gates troop types behind the tech tree","status":"passed","title":"gates troop types behind the tech tree","duration":0.2696000000000822,"failureMessages":[],"meta":{}},{"ancestorTitles":["base economy and troop deployment"],"fullName":"base economy and troop deployment clears a troop cooldown after enough rounds","status":"passed","title":"clears a troop cooldown after enough rounds","duration":0.3831000000000131,"failureMessages":[],"meta":{}},{"ancestorTitles":["base economy and troop deployment"],"fullName":"base economy and troop deployment enforces the hard field cap","status":"passed","title":"enforces the hard field cap","duration":0.27089999999998327,"failureMessages":[],"meta":{}},{"ancestorTitles":["base economy and troop deployment"],"fullName":"base economy and troop deployment upgrades income to raise the money paid each round","status":"passed","title":"upgrades income to raise the money paid each round","duration":0.5985000000000582,"failureMessages":[],"meta":{}},{"ancestorTitles":["base economy and troop deployment"],"fullName":"base economy and troop deployment researches a tech node to unlock new troop types","status":"passed","title":"researches a tech node to unlock new troop types","duration":0.7282000000000153,"failureMessages":[],"meta":{}},{"ancestorTitles":["base economy and troop deployment"],"fullName":"base economy and troop deployment blocks research without prerequisites and respects the tree","status":"passed","title":"blocks research without prerequisites and respects the tree","duration":0.26269999999999527,"failureMessages":[],"meta":{}},{"ancestorTitles":["base economy and troop deployment"],"fullName":"base economy and troop deployment keeps the home base unarmed","status":"passed","title":"keeps the home base unarmed","duration":0.17219999999997526,"failureMessages":[],"meta":{}},{"ancestorTitles":["base economy and troop deployment"],"fullName":"base economy and troop deployment starts both sides with only a Home Base on a fresh map","status":"passed","title":"starts both sides with only a Home Base on a fresh map","duration":4.87929999999983,"failureMessages":[],"meta":{}},{"ancestorTitles":["base economy and troop deployment"],"fullName":"base economy and troop deployment lets the home base deploy a troop in the full default scenario","status":"passed","title":"lets the home base deploy a troop in the full default scenario","duration":1.2121999999999389,"failureMessages":[],"meta":{}},{"ancestorTitles":["base economy and troop deployment"],"fullName":"base economy and troop deployment has the enemy base reinforce its army each turn","status":"passed","title":"has the enemy base reinforce its army each turn","duration":1.5736000000001695,"failureMessages":[],"meta":{}},{"ancestorTitles":["game modes, tech tree, and unit variety"],"fullName":"game modes, tech tree, and unit variety starts every map empty and lays out cover without clumping","status":"passed","title":"starts every map empty and lays out cover without clumping","duration":52.03450000000021,"failureMessages":[],"meta":{}},{"ancestorTitles":["game modes, tech tree, and unit variety"],"fullName":"game modes, tech tree, and unit variety banks control and wins Hold the Hill","status":"passed","title":"banks control and wins Hold the Hill","duration":1.58199999999988,"failureMessages":[],"meta":{}},{"ancestorTitles":["game modes, tech tree, and unit variety"],"fullName":"game modes, tech tree, and unit variety steals and captures the flag in Capture the Flag","status":"passed","title":"steals and captures the flag in Capture the Flag","duration":3.5820000000001073,"failureMessages":[],"meta":{}},{"ancestorTitles":["game modes, tech tree, and unit variety"],"fullName":"game modes, tech tree, and unit variety unlocks armor down the tech tree and deploys a tank","status":"passed","title":"unlocks armor down the tech tree and deploys a tank","duration":0.5469000000000506,"failureMessages":[],"meta":{}},{"ancestorTitles":["game modes, tech tree, and unit variety"],"fullName":"game modes, tech tree, and unit variety heals nearby infantry with a medic aura each round","status":"passed","title":"heals nearby infantry with a medic aura each round","duration":0.38800000000014734,"failureMessages":[],"meta":{}},{"ancestorTitles":["defenses, difficulty, and base upgrades"],"fullName":"defenses, difficulty, and base upgrades upgrades the base to two command points per turn","status":"passed","title":"upgrades the base to two command points per turn","duration":0.39059999999994943,"failureMessages":[],"meta":{}},{"ancestorTitles":["defenses, difficulty, and base upgrades"],"fullName":"defenses, difficulty, and base upgrades builds a defensive turret near the base but rejects far or overlapping spots","status":"passed","title":"builds a defensive turret near the base but rejects far or overlapping spots","duration":0.7010000000000218,"failureMessages":[],"meta":{}},{"ancestorTitles":["defenses, difficulty, and base upgrades"],"fullName":"defenses, difficulty, and base upgrades lets a tank fire an explosive shell at a ground spot","status":"passed","title":"lets a tank fire an explosive shell at a ground spot","duration":0.30189999999993233,"failureMessages":[],"meta":{}},{"ancestorTitles":["defenses, difficulty, and base upgrades"],"fullName":"defenses, difficulty, and base upgrades does not let infantry fire at the ground","status":"passed","title":"does not let infantry fire at the ground","duration":0.15470000000004802,"failureMessages":[],"meta":{}},{"ancestorTitles":["defenses, difficulty, and base upgrades"],"fullName":"defenses, difficulty, and base upgrades gives enemy units more health on harder difficulty","status":"passed","title":"gives enemy units more health on harder difficulty","duration":2.210499999999911,"failureMessages":[],"meta":{}},{"ancestorTitles":["defenses, difficulty, and base upgrades"],"fullName":"defenses, difficulty, and base upgrades provides a move-range circle when Move is armed","status":"passed","title":"provides a move-range circle when Move is armed","duration":0.34609999999997854,"failureMessages":[],"meta":{}},{"ancestorTitles":["defenses, difficulty, and base upgrades"],"fullName":"defenses, difficulty, and base upgrades saves and restores a battle","status":"passed","title":"saves and restores a battle","duration":2.2857000000001335,"failureMessages":[],"meta":{}}],"startTime":1782128627786,"endTime":1782128627957.2856,"status":"passed","message":"","name":"E:/Storage/SAAS/Rogue-Heroes/game/src/game/sim.test.ts"}]}