{"numTotalTestSuites":10,"numPassedTestSuites":10,"numFailedTestSuites":0,"numPendingTestSuites":0,"numTotalTests":93,"numPassedTests":93,"numFailedTests":0,"numPendingTests":0,"numTodoTests":0,"snapshot":{"added":0,"failure":false,"filesAdded":0,"filesRemoved":0,"filesRemovedList":[],"filesUnmatched":0,"filesUpdated":0,"matched":0,"total":0,"unchecked":0,"uncheckedKeysByFile":[],"unmatched":0,"updated":0,"didUpdate":false},"startTime":1782184014654,"success":true,"testResults":[{"assertionResults":[{"ancestorTitles":["component damage model"],"fullName":"component damage model immobilizes a tank when a tread is destroyed","status":"passed","title":"immobilizes a tank when a tread is destroyed","duration":2.7175000000002,"failureMessages":[],"meta":{}},{"ancestorTitles":["component damage model"],"fullName":"component damage model disarms a soldier when the rifle is destroyed without killing them","status":"passed","title":"disarms a soldier when the rifle is destroyed without killing them","duration":0.7953999999999724,"failureMessages":[],"meta":{}},{"ancestorTitles":["component damage model"],"fullName":"component damage model kills a soldier instantly when the head is destroyed","status":"passed","title":"kills a soldier instantly when the head is destroyed","duration":0.3955999999998312,"failureMessages":[],"meta":{}},{"ancestorTitles":["component damage model"],"fullName":"component damage model stops a soldier from moving when their legs are destroyed","status":"passed","title":"stops a soldier from moving when their legs are destroyed","duration":0.3607999999999265,"failureMessages":[],"meta":{}},{"ancestorTitles":["component damage model"],"fullName":"component damage model keeps an economy base unarmed and lets it lose its comms while the core survives","status":"passed","title":"keeps an economy base unarmed and lets it lose its comms while the core survives","duration":0.5277000000000953,"failureMessages":[],"meta":{}},{"ancestorTitles":["component damage model"],"fullName":"component damage model starts a base with economy state and stops it producing once destroyed","status":"passed","title":"starts a base with economy state and stops it producing once destroyed","duration":1.1118000000001302,"failureMessages":[],"meta":{}},{"ancestorTitles":["component damage model"],"fullName":"component damage model jams tank fire when the turret ring is destroyed","status":"passed","title":"jams tank fire when the turret ring is destroyed","duration":0.8144000000002052,"failureMessages":[],"meta":{}},{"ancestorTitles":["component damage model"],"fullName":"component damage model limits command points when utility packs are destroyed","status":"passed","title":"limits command points when utility packs are destroyed","duration":0.2514000000001033,"failureMessages":[],"meta":{}},{"ancestorTitles":["component damage model"],"fullName":"component damage model makes core shots hit harder after armor is stripped","status":"passed","title":"makes core shots hit harder after armor is stripped","duration":0.31300000000010186,"failureMessages":[],"meta":{}},{"ancestorTitles":["component damage model"],"fullName":"component damage model aims at gameplay-specific parts before center mass","status":"passed","title":"aims at gameplay-specific parts before center mass","duration":0.46549999999979264,"failureMessages":[],"meta":{}},{"ancestorTitles":["component damage model"],"fullName":"component damage model creates sniper, grenadier, and striker infantry variants with role-specific systems","status":"passed","title":"creates sniper, grenadier, and striker infantry variants with role-specific systems","duration":0.5594999999998436,"failureMessages":[],"meta":{}}],"startTime":1782184017352,"endTime":1782184017360.5596,"status":"passed","message":"","name":"E:/Storage/SAAS/Rogue-Heroes/game/src/game/damageModel.test.ts"},{"assertionResults":[{"ancestorTitles":["loop goals"],"fullName":"loop goals G3: starts in command phase, turn 1, with no units fielded","status":"passed","title":"G3: starts in command phase, turn 1, with no units fielded","duration":10.531100000000151,"failureMessages":[],"meta":{}},{"ancestorTitles":["loop goals"],"fullName":"loop goals G5: deploying a Recruit adds a field unit and spends money + the base CP","status":"passed","title":"G5: deploying a Recruit adds a field unit and spends money + the base CP","duration":3.0456999999996697,"failureMessages":[],"meta":{}},{"ancestorTitles":["loop goals"],"fullName":"loop goals G6: researching a doctrine unlocks it on the base","status":"passed","title":"G6: researching a doctrine unlocks it on the base","duration":5.0271999999999935,"failureMessages":[],"meta":{}},{"ancestorTitles":["loop goals"],"fullName":"loop goals G7: a resolved rifle shot reduces an enemy part's health","status":"passed","title":"G7: a resolved rifle shot reduces an enemy part's health","duration":7.310199999999895,"failureMessages":[],"meta":{}},{"ancestorTitles":["loop goals"],"fullName":"loop goals G8: landing the killing blow on the last enemy reaches a victory end-state","status":"passed","title":"G8: landing the killing blow on the last enemy reaches a victory end-state","duration":1.2406000000000859,"failureMessages":[],"meta":{}},{"ancestorTitles":["loop goals"],"fullName":"loop goals G9: Move intent exposes a positive movement-range radius","status":"passed","title":"G9: Move intent exposes a positive movement-range radius","duration":0.765400000000227,"failureMessages":[],"meta":{}},{"ancestorTitles":["loop goals"],"fullName":"loop goals G10: grenade ground-aim previews a reachable blast radius","status":"passed","title":"G10: grenade ground-aim previews a reachable blast radius","duration":0.7489999999997963,"failureMessages":[],"meta":{}},{"ancestorTitles":["loop goals"],"fullName":"loop goals G11: build placement exposes a range ring near the base","status":"passed","title":"G11: build placement exposes a range ring near the base","duration":1.2062000000000808,"failureMessages":[],"meta":{}},{"ancestorTitles":["loop goals"],"fullName":"loop goals G13: a destroyed part stays listed on the entity at 0 HP","status":"passed","title":"G13: a destroyed part stays listed on the entity at 0 HP","duration":0.5100000000002183,"failureMessages":[],"meta":{}},{"ancestorTitles":["batch balance + UX fixes"],"fullName":"batch balance + UX fixes the +1 CP command upgrade is a heavier investment than before","status":"passed","title":"the +1 CP command upgrade is a heavier investment than before","duration":0.20440000000007785,"failureMessages":[],"meta":{}},{"ancestorTitles":["batch balance + UX fixes"],"fullName":"batch balance + UX fixes higher-tier units and emplacements cost more than line troops","status":"passed","title":"higher-tier units and emplacements cost more than line troops","duration":0.2244999999998072,"failureMessages":[],"meta":{}},{"ancestorTitles":["batch balance + UX fixes"],"fullName":"batch balance + UX fixes a tank fields with much more health than a recruit, matching its higher cost","status":"passed","title":"a tank fields with much more health than a recruit, matching its higher cost","duration":2.6510000000002947,"failureMessages":[],"meta":{}},{"ancestorTitles":["batch balance + UX fixes"],"fullName":"batch balance + UX fixes the second move ring originates from the projected post-move position","status":"passed","title":"the second move ring originates from the projected post-move position","duration":0.9735000000000582,"failureMessages":[],"meta":{}},{"ancestorTitles":["batch balance + UX fixes"],"fullName":"batch balance + UX fixes the Strike preview reports a concrete damage number","status":"passed","title":"the Strike preview reports a concrete damage number","duration":0.30749999999989086,"failureMessages":[],"meta":{}},{"ancestorTitles":["batch balance + UX fixes"],"fullName":"batch balance + UX fixes the grenade preview flags a tall obstacle squarely in the throw arc","status":"passed","title":"the grenade preview flags a tall obstacle squarely in the throw arc","duration":0.8006999999997788,"failureMessages":[],"meta":{}}],"startTime":1782184018263,"endTime":1782184018298.8008,"status":"passed","message":"","name":"E:/Storage/SAAS/Rogue-Heroes/game/src/game/loop-goals.test.ts"},{"assertionResults":[{"ancestorTitles":["tactical simulation loop"],"fullName":"tactical simulation loop resolves queued target fire back into a new command phase","status":"passed","title":"resolves queued target fire back into a new command phase","duration":12.726400000000012,"failureMessages":[],"meta":{}},{"ancestorTitles":["tactical simulation loop"],"fullName":"tactical simulation loop does not let tank rams target friendly units","status":"passed","title":"does not let tank rams target friendly units","duration":1.3548000000000684,"failureMessages":[],"meta":{}},{"ancestorTitles":["tactical simulation loop"],"fullName":"tactical simulation loop lets a unit spend multiple CP on queued orders and undo individual choices","status":"passed","title":"lets a unit spend multiple CP on queued orders and undo individual choices","duration":3.0691000000001623,"failureMessages":[],"meta":{}},{"ancestorTitles":["tactical simulation loop"],"fullName":"tactical simulation loop previews a queued follow-up shot from the unit's moved position","status":"passed","title":"previews a queued follow-up shot from the unit's moved position","duration":3.25400000000036,"failureMessages":[],"meta":{}},{"ancestorTitles":["tactical simulation loop"],"fullName":"tactical simulation loop executes move then shoot from the moved position","status":"passed","title":"executes move then shoot from the moved position","duration":0.8824000000004162,"failureMessages":[],"meta":{}},{"ancestorTitles":["tactical simulation loop"],"fullName":"tactical simulation loop can finish a one-fight victory from normal queued combat","status":"passed","title":"can finish a one-fight victory from normal queued combat","duration":3.077600000000075,"failureMessages":[],"meta":{}},{"ancestorTitles":["tactical simulation loop"],"fullName":"tactical simulation loop only exposes intact parts that exist on the selected target type","status":"passed","title":"only exposes intact parts that exist on the selected target type","duration":9.008299999999963,"failureMessages":[],"meta":{}},{"ancestorTitles":["tactical simulation loop"],"fullName":"tactical simulation loop previews and resolves shots into blocking cover before the intended enemy part","status":"passed","title":"previews and resolves shots into blocking cover before the intended enemy part","duration":3.149800000000141,"failureMessages":[],"meta":{}},{"ancestorTitles":["tactical simulation loop"],"fullName":"tactical simulation loop uses the selected part to change projectile trajectory through cover","status":"passed","title":"uses the selected part to change projectile trajectory through cover","duration":0.6882000000000517,"failureMessages":[],"meta":{}},{"ancestorTitles":["tactical simulation loop"],"fullName":"tactical simulation loop makes soldier head shots a weak-point damage choice","status":"passed","title":"makes soldier head shots a weak-point damage choice","duration":0.638300000000072,"failureMessages":[],"meta":{}},{"ancestorTitles":["tactical simulation loop"],"fullName":"tactical simulation loop lets soldiers duck under incoming head shots but not body shots","status":"passed","title":"lets soldiers duck under incoming head shots but not body shots","duration":2.00019999999995,"failureMessages":[],"meta":{}},{"ancestorTitles":["tactical simulation loop"],"fullName":"tactical simulation loop launches a visible projectile before applying shot damage","status":"passed","title":"launches a visible projectile before applying shot damage","duration":1.2229999999999563,"failureMessages":[],"meta":{}},{"ancestorTitles":["tactical simulation loop"],"fullName":"tactical simulation loop keeps great-accuracy shots on the exact aimed trajectory","status":"passed","title":"keeps great-accuracy shots on the exact aimed trajectory","duration":1.2468000000003485,"failureMessages":[],"meta":{}},{"ancestorTitles":["tactical simulation loop"],"fullName":"tactical simulation loop makes movement hurt accuracy while crouch improves it and prone is unavailable","status":"passed","title":"makes movement hurt accuracy while crouch improves it and prone is unavailable","duration":0.9196000000001732,"failureMessages":[],"meta":{}},{"ancestorTitles":["tactical simulation loop"],"fullName":"tactical simulation loop does not let non-infantry stance data improve tank accuracy","status":"passed","title":"does not let non-infantry stance data improve tank accuracy","duration":0.474699999999757,"failureMessages":[],"meta":{}},{"ancestorTitles":["tactical simulation loop"],"fullName":"tactical simulation loop lets sway turn a small-part shot into a different part hit on the same target","status":"passed","title":"lets sway turn a small-part shot into a different part hit on the same target","duration":5.228399999999965,"failureMessages":[],"meta":{}},{"ancestorTitles":["tactical simulation loop"],"fullName":"tactical simulation loop makes the same inaccurate attack much more reliable at close range","status":"passed","title":"makes the same inaccurate attack much more reliable at close range","duration":0.9738999999999578,"failureMessages":[],"meta":{}},{"ancestorTitles":["tactical simulation loop"],"fullName":"tactical simulation loop lets a highly inaccurate burst stray into a different unit on the line","status":"passed","title":"lets a highly inaccurate burst stray into a different unit on the line","duration":19.82129999999961,"failureMessages":[],"meta":{}},{"ancestorTitles":["tactical simulation loop"],"fullName":"tactical simulation loop lets a moving target drag a tracked shot into cover during resolve","status":"passed","title":"lets a moving target drag a tracked shot into cover during resolve","duration":7.5306000000000495,"failureMessages":[],"meta":{}},{"ancestorTitles":["tactical simulation loop"],"fullName":"tactical simulation loop limits move distance and treats move-clicking cover as taking cover","status":"passed","title":"limits move distance and treats move-clicking cover as taking cover","duration":2.5796000000000276,"failureMessages":[],"meta":{}},{"ancestorTitles":["tactical simulation loop"],"fullName":"tactical simulation loop limits tank ram reach while allowing nearby tanks to crush cover","status":"passed","title":"limits tank ram reach while allowing nearby tanks to crush cover","duration":5.294599999999718,"failureMessages":[],"meta":{}},{"ancestorTitles":["tactical simulation loop"],"fullName":"tactical simulation loop reports far ram targets before confirmation","status":"passed","title":"reports far ram targets before confirmation","duration":0.7660999999998239,"failureMessages":[],"meta":{}},{"ancestorTitles":["tactical simulation loop"],"fullName":"tactical simulation loop lets a striker make adjacent melee strikes for high close damage","status":"passed","title":"lets a striker make adjacent melee strikes for high close damage","duration":2.0537999999996828,"failureMessages":[],"meta":{}},{"ancestorTitles":["tactical simulation loop"],"fullName":"tactical simulation loop lets infantry climb low objects but rejects tall walls","status":"passed","title":"lets infantry climb low objects but rejects tall walls","duration":45.6845000000003,"failureMessages":[],"meta":{}},{"ancestorTitles":["tactical simulation loop"],"fullName":"tactical simulation loop blocks steep cliff movement unless infantry uses a cliff ascent","status":"passed","title":"blocks steep cliff movement unless infantry uses a cliff ascent","duration":0.9393000000000029,"failureMessages":[],"meta":{}},{"ancestorTitles":["tactical simulation loop"],"fullName":"tactical simulation loop rejects tanks trying to use cliff ascents","status":"passed","title":"rejects tanks trying to use cliff ascents","duration":0.5270999999997912,"failureMessages":[],"meta":{}},{"ancestorTitles":["tactical simulation loop"],"fullName":"tactical simulation loop queues crouch behind cover and slows the next move","status":"passed","title":"queues crouch behind cover and slows the next move","duration":0.8771999999999025,"failureMessages":[],"meta":{}},{"ancestorTitles":["tactical simulation loop"],"fullName":"tactical simulation loop previews melee and ram reach from the queued movement destination","status":"passed","title":"previews melee and ram reach from the queued movement destination","duration":0.63149999999996,"failureMessages":[],"meta":{}},{"ancestorTitles":["tactical simulation loop"],"fullName":"tactical simulation loop keeps soldiers crouched into the next turn unless they move","status":"passed","title":"keeps soldiers crouched into the next turn unless they move","duration":26.312800000000152,"failureMessages":[],"meta":{}},{"ancestorTitles":["tactical simulation loop"],"fullName":"tactical simulation loop records turn reports with grouped damage details after resolve","status":"passed","title":"records turn reports with grouped damage details after resolve","duration":1.6879999999996471,"failureMessages":[],"meta":{}},{"ancestorTitles":["tactical simulation loop"],"fullName":"tactical simulation loop warns when a friendly unit is in the projectile path","status":"passed","title":"warns when a friendly unit is in the projectile path","duration":0.8354999999996835,"failureMessages":[],"meta":{}},{"ancestorTitles":["tactical simulation loop"],"fullName":"tactical simulation loop lets soldiers spend, cancel, and exhaust a limited grenade supply","status":"passed","title":"lets soldiers spend, cancel, and exhaust a limited grenade supply","duration":1.131199999999808,"failureMessages":[],"meta":{}},{"ancestorTitles":["tactical simulation loop"],"fullName":"tactical simulation loop launches soldier hand grenades as arcing projectiles","status":"passed","title":"launches soldier hand grenades as arcing projectiles","duration":0.7112999999999374,"failureMessages":[],"meta":{}},{"ancestorTitles":["tactical simulation loop"],"fullName":"tactical simulation loop lets soldiers throw grenades at ground locations for area damage","status":"passed","title":"lets soldiers throw grenades at ground locations for area damage","duration":2.6635000000001128,"failureMessages":[],"meta":{}},{"ancestorTitles":["tactical simulation loop"],"fullName":"tactical simulation loop requires strikes to start adjacent and applies them to the selected part","status":"passed","title":"requires strikes to start adjacent and applies them to the selected part","duration":2.605000000000018,"failureMessages":[],"meta":{}},{"ancestorTitles":["tactical simulation loop"],"fullName":"tactical simulation loop gives grenadiers arced projectiles with splash damage around close impacts","status":"passed","title":"gives grenadiers arced projectiles with splash damage around close impacts","duration":1.9952000000002954,"failureMessages":[],"meta":{}},{"ancestorTitles":["tactical simulation loop"],"fullName":"tactical simulation loop lets a missed grenade hit ground, roll, and still explode","status":"passed","title":"lets a missed grenade hit ground, roll, and still explode","duration":3.5983000000001084,"failureMessages":[],"meta":{}},{"ancestorTitles":["tactical simulation loop"],"fullName":"tactical simulation loop keeps a launched projectile alive if the shooter dies before impact","status":"passed","title":"keeps a launched projectile alive if the shooter dies before impact","duration":0.871599999999944,"failureMessages":[],"meta":{}},{"ancestorTitles":["tactical simulation loop"],"fullName":"tactical simulation loop lets a ducked-under head shot continue and hit cover behind the target","status":"passed","title":"lets a ducked-under head shot continue and hit cover behind the target","duration":1.8272000000001754,"failureMessages":[],"meta":{}},{"ancestorTitles":["tactical simulation loop"],"fullName":"tactical simulation loop makes tank shells splash nearby parts and crush cover harder than rifle fire","status":"passed","title":"makes tank shells splash nearby parts and crush cover harder than rifle fire","duration":17.617299999999886,"failureMessages":[],"meta":{}},{"ancestorTitles":["tactical simulation loop"],"fullName":"tactical simulation loop marks low projectile lines as blocked when they would hit high ground first","status":"passed","title":"marks low projectile lines as blocked when they would hit high ground first","duration":4.290299999999661,"failureMessages":[],"meta":{}},{"ancestorTitles":["tactical simulation loop"],"fullName":"tactical simulation loop boosts nearby allied shot damage while a support relay is intact","status":"passed","title":"boosts nearby allied shot damage while a support relay is intact","duration":9.631200000000263,"failureMessages":[],"meta":{}},{"ancestorTitles":["tactical simulation loop"],"fullName":"tactical simulation loop records resolve damage without emitting floating damage labels","status":"passed","title":"records resolve damage without emitting floating damage labels","duration":1.4173000000000684,"failureMessages":[],"meta":{}},{"ancestorTitles":["base economy and troop deployment"],"fullName":"base economy and troop deployment pays base income each round, scaled by reactor health","status":"passed","title":"pays base income each round, scaled by reactor health","duration":1.3562999999999192,"failureMessages":[],"meta":{}},{"ancestorTitles":["base economy and troop deployment"],"fullName":"base economy and troop deployment deploys a troop instantly, spending CP and money and applying a cooldown","status":"passed","title":"deploys a troop instantly, spending CP and money and applying a cooldown","duration":1.5744999999997162,"failureMessages":[],"meta":{}},{"ancestorTitles":["base economy and troop deployment"],"fullName":"base economy and troop deployment gates troop types behind the tech tree","status":"passed","title":"gates troop types behind the tech tree","duration":0.3692999999998392,"failureMessages":[],"meta":{}},{"ancestorTitles":["base economy and troop deployment"],"fullName":"base economy and troop deployment clears a troop cooldown after enough rounds","status":"passed","title":"clears a troop cooldown after enough rounds","duration":0.5368999999996049,"failureMessages":[],"meta":{}},{"ancestorTitles":["base economy and troop deployment"],"fullName":"base economy and troop deployment enforces the hard field cap","status":"passed","title":"enforces the hard field cap","duration":0.44509999999991123,"failureMessages":[],"meta":{}},{"ancestorTitles":["base economy and troop deployment"],"fullName":"base economy and troop deployment upgrades income to raise the money paid each round","status":"passed","title":"upgrades income to raise the money paid each round","duration":0.532799999999952,"failureMessages":[],"meta":{}},{"ancestorTitles":["base economy and troop deployment"],"fullName":"base economy and troop deployment researches a tech node to unlock new troop types","status":"passed","title":"researches a tech node to unlock new troop types","duration":1.1835999999998421,"failureMessages":[],"meta":{}},{"ancestorTitles":["base economy and troop deployment"],"fullName":"base economy and troop deployment blocks research without prerequisites and respects the tree","status":"passed","title":"blocks research without prerequisites and respects the tree","duration":0.5027000000000044,"failureMessages":[],"meta":{}},{"ancestorTitles":["base economy and troop deployment"],"fullName":"base economy and troop deployment keeps the home base unarmed","status":"passed","title":"keeps the home base unarmed","duration":0.28549999999995634,"failureMessages":[],"meta":{}},{"ancestorTitles":["base economy and troop deployment"],"fullName":"base economy and troop deployment starts both sides with only a Home Base on a fresh map","status":"passed","title":"starts both sides with only a Home Base on a fresh map","duration":1.7867999999998574,"failureMessages":[],"meta":{}},{"ancestorTitles":["base economy and troop deployment"],"fullName":"base economy and troop deployment lets the home base deploy a troop in the full default scenario","status":"passed","title":"lets the home base deploy a troop in the full default scenario","duration":0.8492999999998574,"failureMessages":[],"meta":{}},{"ancestorTitles":["base economy and troop deployment"],"fullName":"base economy and troop deployment has the enemy base reinforce its army each turn","status":"passed","title":"has the enemy base reinforce its army each turn","duration":0.644800000000032,"failureMessages":[],"meta":{}},{"ancestorTitles":["game modes, tech tree, and unit variety"],"fullName":"game modes, tech tree, and unit variety starts every map empty and lays out cover without clumping","status":"passed","title":"starts every map empty and lays out cover without clumping","duration":154.60379999999986,"failureMessages":[],"meta":{}},{"ancestorTitles":["game modes, tech tree, and unit variety"],"fullName":"game modes, tech tree, and unit variety banks control and wins Hold the Hill","status":"passed","title":"banks control and wins Hold the Hill","duration":5.514799999999923,"failureMessages":[],"meta":{}},{"ancestorTitles":["game modes, tech tree, and unit variety"],"fullName":"game modes, tech tree, and unit variety steals and captures the flag in Capture the Flag","status":"passed","title":"steals and captures the flag in Capture the Flag","duration":5.041999999999916,"failureMessages":[],"meta":{}},{"ancestorTitles":["game modes, tech tree, and unit variety"],"fullName":"game modes, tech tree, and unit variety unlocks armor down the tech tree and deploys a tank","status":"passed","title":"unlocks armor down the tech tree and deploys a tank","duration":0.64449999999988,"failureMessages":[],"meta":{}},{"ancestorTitles":["game modes, tech tree, and unit variety"],"fullName":"game modes, tech tree, and unit variety heals nearby infantry with a medic aura each round","status":"passed","title":"heals nearby infantry with a medic aura each round","duration":0.7890999999999622,"failureMessages":[],"meta":{}},{"ancestorTitles":["defenses, difficulty, and base upgrades"],"fullName":"defenses, difficulty, and base upgrades upgrades the base to two command points per turn","status":"passed","title":"upgrades the base to two command points per turn","duration":0.43479999999999563,"failureMessages":[],"meta":{}},{"ancestorTitles":["defenses, difficulty, and base upgrades"],"fullName":"defenses, difficulty, and base upgrades builds a defensive turret near the base but rejects far or overlapping spots","status":"passed","title":"builds a defensive turret near the base but rejects far or overlapping spots","duration":1.5097000000000662,"failureMessages":[],"meta":{}},{"ancestorTitles":["defenses, difficulty, and base upgrades"],"fullName":"defenses, difficulty, and base upgrades lets a tank fire an explosive shell at a ground spot","status":"passed","title":"lets a tank fire an explosive shell at a ground spot","duration":1.117200000000139,"failureMessages":[],"meta":{}},{"ancestorTitles":["defenses, difficulty, and base upgrades"],"fullName":"defenses, difficulty, and base upgrades does not let infantry fire at the ground","status":"passed","title":"does not let infantry fire at the ground","duration":0.6388000000001739,"failureMessages":[],"meta":{}},{"ancestorTitles":["defenses, difficulty, and base upgrades"],"fullName":"defenses, difficulty, and base upgrades gives enemy units more health on harder difficulty","status":"passed","title":"gives enemy units more health on harder difficulty","duration":3.0102999999999156,"failureMessages":[],"meta":{}},{"ancestorTitles":["defenses, difficulty, and base upgrades"],"fullName":"defenses, difficulty, and base upgrades provides a move-range circle when Move is armed","status":"passed","title":"provides a move-range circle when Move is armed","duration":0.8391999999998916,"failureMessages":[],"meta":{}},{"ancestorTitles":["defenses, difficulty, and base upgrades"],"fullName":"defenses, difficulty, and base upgrades saves and restores a battle","status":"passed","title":"saves and restores a battle","duration":3.789099999999962,"failureMessages":[],"meta":{}}],"startTime":1782184018270,"endTime":1782184018676.789,"status":"passed","message":"","name":"E:/Storage/SAAS/Rogue-Heroes/game/src/game/sim.test.ts"}]}